;  LST file generated by mikroListExporter - v.2.0 
; Date/Time: 04/22/2023 1:03:46 am
;----------------------------------------------

;Address Opcode 	ASM
0x0000	0xF000EF63  	GOTO        198
0x0004	0x0000      	NOP
0x0006	0x0000      	NOP
0x0008	0xF000EF00  	GOTO        0
0x000C	0x0000      	NOP
0x000E	0x0000      	NOP
0x0010	0x0000      	NOP
0x0012	0x0000      	NOP
0x0014	0x0000      	NOP
0x0016	0x0000      	NOP
0x0018	0xD7F3      	BRA         0
_UART1_Write:
;__Lib_UART_c67.c,58 :: 		
;__Lib_UART_c67.c,59 :: 		
L_UART1_Write3:
0x001C	0xB2AC      	BTFSC       TXSTA, 1 
0x001E	0xD002      	BRA         L_UART1_Write4
;__Lib_UART_c67.c,60 :: 		
0x0020	0x0000      	NOP
0x0022	0xD7FC      	BRA         L_UART1_Write3
L_UART1_Write4:
;__Lib_UART_c67.c,61 :: 		
0x0024	0xFFADC140  	MOVFF       FARG_UART1_Write_data_, TXREG
;__Lib_UART_c67.c,62 :: 		
L_end_UART1_Write:
0x0028	0x0012      	RETURN      0
; end of _UART1_Write
_UART1_Write_Text:
;__Lib_UART_c67.c,66 :: 		
;__Lib_UART_c67.c,67 :: 		
0x002A	0x0101      	MOVLB       1
0x002C	0x6B3F      	CLRF        UART1_Write_Text_counter_L0, 1
;__Lib_UART_c67.c,69 :: 		
0x002E	0xFFE9C13C  	MOVFF       FARG_UART1_Write_Text_uart_text, FSR0L
0x0032	0xFFEAC13D  	MOVFF       FARG_UART1_Write_Text_uart_text+1, FSR0H
0x0036	0xF13ECFEE  	MOVFF       POSTINC0, UART1_Write_Text_data__L0
;__Lib_UART_c67.c,70 :: 		
L_UART1_Write_Text5:
0x003A	0x513E      	MOVF        UART1_Write_Text_data__L0, 0, 1
0x003C	0x0A00      	XORLW       0
0x003E	0xE00E      	BZ          L_UART1_Write_Text6
;__Lib_UART_c67.c,71 :: 		
0x0040	0xF140C13E  	MOVFF       UART1_Write_Text_data__L0, FARG_UART1_Write_data_
0x0044	0xDFEB      	RCALL       _UART1_Write
;__Lib_UART_c67.c,72 :: 		
0x0046	0x0101      	MOVLB       1
0x0048	0x2B3F      	INCF        UART1_Write_Text_counter_L0, 1, 1
;__Lib_UART_c67.c,73 :: 		
0x004A	0x513F      	MOVF        UART1_Write_Text_counter_L0, 0, 1
0x004C	0x253C      	ADDWF       FARG_UART1_Write_Text_uart_text, 0, 1
0x004E	0x6EE9      	MOVWF       FSR0L 
0x0050	0x0E00      	MOVLW       0
0x0052	0x213D      	ADDWFC      FARG_UART1_Write_Text_uart_text+1, 0, 1
0x0054	0x6EEA      	MOVWF       FSR0L+1 
0x0056	0xF13ECFEE  	MOVFF       POSTINC0, UART1_Write_Text_data__L0
;__Lib_UART_c67.c,74 :: 		
0x005A	0xD7EF      	BRA         L_UART1_Write_Text5
L_UART1_Write_Text6:
;__Lib_UART_c67.c,75 :: 		
L_end_UART1_Write_Text:
0x005C	0x0012      	RETURN      0
; end of _UART1_Write_Text
_UART1_Init:
;__Lib_UART_c67.c,15 :: 		
;__Lib_UART_c67.c,18 :: 		
0x005E	0x0E1C      	MOVLW       _UART1_Write
0x0060	0x0101      	MOVLB       1
0x0062	0x6F38      	MOVWF       _UART_Wr_Ptr, 1
0x0064	0x0E00      	MOVLW       hi_addr(_UART1_Write)
0x0066	0x6F39      	MOVWF       _UART_Wr_Ptr+1, 1
0x0068	0x0E40      	MOVLW       FARG_UART1_Write_data_
0x006A	0x6F3A      	MOVWF       _UART_Wr_Ptr+2, 1
0x006C	0x0E01      	MOVLW       hi_addr(FARG_UART1_Write_data_)
0x006E	0x6F3B      	MOVWF       _UART_Wr_Ptr+3, 1
;__Lib_UART_c67.c,19 :: 		
0x0070	0x0EFF      	MOVLW       _UART1_Read
0x0072	0x6F2C      	MOVWF       _UART_Rd_Ptr, 1
0x0074	0x0EFF      	MOVLW       hi_addr(_UART1_Read)
0x0076	0x6F2D      	MOVWF       _UART_Rd_Ptr+1, 1
0x0078	0x0E00      	MOVLW       0
0x007A	0x6F2E      	MOVWF       _UART_Rd_Ptr+2, 1
0x007C	0x0E00      	MOVLW       0
0x007E	0x6F2F      	MOVWF       _UART_Rd_Ptr+3, 1
;__Lib_UART_c67.c,20 :: 		
0x0080	0x0EFF      	MOVLW       _UART1_Data_Ready
0x0082	0x6F30      	MOVWF       _UART_Rdy_Ptr, 1
0x0084	0x0EFF      	MOVLW       hi_addr(_UART1_Data_Ready)
0x0086	0x6F31      	MOVWF       _UART_Rdy_Ptr+1, 1
0x0088	0x0E00      	MOVLW       0
0x008A	0x6F32      	MOVWF       _UART_Rdy_Ptr+2, 1
0x008C	0x0E00      	MOVLW       0
0x008E	0x6F33      	MOVWF       _UART_Rdy_Ptr+3, 1
;__Lib_UART_c67.c,21 :: 		
0x0090	0x0EFF      	MOVLW       _UART1_Tx_Idle
0x0092	0x6F34      	MOVWF       _UART_Tx_Idle_Ptr, 1
0x0094	0x0EFF      	MOVLW       hi_addr(_UART1_Tx_Idle)
0x0096	0x6F35      	MOVWF       _UART_Tx_Idle_Ptr+1, 1
0x0098	0x0E00      	MOVLW       0
0x009A	0x6F36      	MOVWF       _UART_Tx_Idle_Ptr+2, 1
0x009C	0x0E00      	MOVLW       0
0x009E	0x6F37      	MOVWF       _UART_Tx_Idle_Ptr+3, 1
;__Lib_UART_c67.c,23 :: 		
0x00A0	0x8AAC      	BSF         TXSTA, 5 
;__Lib_UART_c67.c,24 :: 		
0x00A2	0x0E90      	MOVLW       144
0x00A4	0x6EAB      	MOVWF       RCSTA 
;__Lib_UART_c67.c,25 :: 		
0x00A6	0x8E94      	BSF         TRISC7_bit, BitPos(TRISC7_bit+0) 
;__Lib_UART_c67.c,26 :: 		
0x00A8	0x9C94      	BCF         TRISC6_bit, BitPos(TRISC6_bit+0) 
;__Lib_UART_c67.c,28 :: 		
L_UART1_Init0:
0x00AA	0xAA9E      	BTFSS       PIR1, 5 
0x00AC	0xD003      	BRA         L_UART1_Init1
;__Lib_UART_c67.c,29 :: 		
0x00AE	0xF000CFAE  	MOVFF       RCREG, R0
0x00B2	0xD7FB      	BRA         L_UART1_Init0
L_UART1_Init1:
;__Lib_UART_c67.c,30 :: 		
L_end_UART1_Init:
0x00B4	0x0012      	RETURN      0
; end of _UART1_Init
___CC2DW:
;__Lib_System.c,21 :: 		
;__Lib_System.c,23 :: 		
_CC2DL_Loop1:
;__Lib_System.c,24 :: 		
0x00B6	0x0009      	TBLRD*+
;__Lib_System.c,25 :: 		
0x00B8	0xFFE6CFF5  	MOVFF       TABLAT, POSTINC1
;__Lib_System.c,26 :: 		
0x00BC	0x0600      	DECF        R0, 1, 0
;__Lib_System.c,27 :: 		
0x00BE	0xE1FB      	BNZ         _CC2DL_Loop1
;__Lib_System.c,28 :: 		
0x00C0	0x0601      	DECF        R1, 1, 0
;__Lib_System.c,29 :: 		
0x00C2	0xE1F9      	BNZ         _CC2DL_Loop1
;__Lib_System.c,31 :: 		
L_end___CC2DW:
0x00C4	0x0012      	RETURN      0
; end of ___CC2DW
_main:
0x00C6	0xF001EC3C  	CALL        632, 0
;RASPBERRY_PI.c,1 :: 		void main(){
;RASPBERRY_PI.c,2 :: 		UART1_INIT(9600);
0x00CA	0x86B8      	BSF         BAUDCON, 3, 0
0x00CC	0x6AB0      	CLRF        SPBRGH 
0x00CE	0x0E67      	MOVLW       103
0x00D0	0x6EAF      	MOVWF       SPBRG 
0x00D2	0x84AC      	BSF         TXSTA, 2, 0
0x00D4	0xDFC4      	RCALL       _UART1_Init
;RASPBERRY_PI.c,3 :: 		delay_ms(100);
0x00D6	0x0E82      	MOVLW       130
0x00D8	0x6E0C      	MOVWF       R12, 0
0x00DA	0x0EDD      	MOVLW       221
0x00DC	0x6E0D      	MOVWF       R13, 0
L_main0:
0x00DE	0x2E0D      	DECFSZ      R13, 1, 0
0x00E0	0xD7FE      	BRA         L_main0
0x00E2	0x2E0C      	DECFSZ      R12, 1, 0
0x00E4	0xD7FC      	BRA         L_main0
0x00E6	0x0000      	NOP
0x00E8	0x0000      	NOP
;RASPBERRY_PI.c,5 :: 		do{
L_main1:
;RASPBERRY_PI.c,6 :: 		delay_ms(10000);
0x00EA	0x0E33      	MOVLW       51
0x00EC	0x6E0B      	MOVWF       R11, 0
0x00EE	0x0EBB      	MOVLW       187
0x00F0	0x6E0C      	MOVWF       R12, 0
0x00F2	0x0EDF      	MOVLW       223
0x00F4	0x6E0D      	MOVWF       R13, 0
L_main4:
0x00F6	0x2E0D      	DECFSZ      R13, 1, 0
0x00F8	0xD7FE      	BRA         L_main4
0x00FA	0x2E0C      	DECFSZ      R12, 1, 0
0x00FC	0xD7FC      	BRA         L_main4
0x00FE	0x2E0B      	DECFSZ      R11, 1, 0
0x0100	0xD7FA      	BRA         L_main4
0x0102	0x0000      	NOP
0x0104	0x0000      	NOP
;RASPBERRY_PI.c,7 :: 		UART1_WRITE_TEXT("1|Joshua Uriel Meguiso|RM001|April 20, 2023 - May 20, 2023|2700.00|300.00|1000|2000|1000|400.00|200.00|3200.00\x0D");
0x0106	0x0E8B      	MOVLW       ?lstr1_RASPBERRY_PI
0x0108	0x6F3C      	MOVWF       FARG_UART1_Write_Text_uart_text, 1
0x010A	0x0E00      	MOVLW       hi_addr(?lstr1_RASPBERRY_PI)
0x010C	0x6F3D      	MOVWF       FARG_UART1_Write_Text_uart_text+1, 1
0x010E	0xDF8D      	RCALL       _UART1_Write_Text
;RASPBERRY_PI.c,8 :: 		delay_ms(10000);
0x0110	0x0E33      	MOVLW       51
0x0112	0x6E0B      	MOVWF       R11, 0
0x0114	0x0EBB      	MOVLW       187
0x0116	0x6E0C      	MOVWF       R12, 0
0x0118	0x0EDF      	MOVLW       223
0x011A	0x6E0D      	MOVWF       R13, 0
L_main5:
0x011C	0x2E0D      	DECFSZ      R13, 1, 0
0x011E	0xD7FE      	BRA         L_main5
0x0120	0x2E0C      	DECFSZ      R12, 1, 0
0x0122	0xD7FC      	BRA         L_main5
0x0124	0x2E0B      	DECFSZ      R11, 1, 0
0x0126	0xD7FA      	BRA         L_main5
0x0128	0x0000      	NOP
0x012A	0x0000      	NOP
;RASPBERRY_PI.c,9 :: 		UART1_WRITE_TEXT("2|Joshua Uriel Meguiso|RM001|April, 2023|April 20, 2023|May 20, 2023|2700.00|300.00|200.00|3200.00|0.00|May 22, 2023\x0D");
0x012C	0x0E15      	MOVLW       ?lstr2_RASPBERRY_PI
0x012E	0x6F3C      	MOVWF       FARG_UART1_Write_Text_uart_text, 1
0x0130	0x0E00      	MOVLW       hi_addr(?lstr2_RASPBERRY_PI)
0x0132	0x6F3D      	MOVWF       FARG_UART1_Write_Text_uart_text+1, 1
0x0134	0xDF7A      	RCALL       _UART1_Write_Text
;RASPBERRY_PI.c,10 :: 		delay_ms(10000);
0x0136	0x0E33      	MOVLW       51
0x0138	0x6E0B      	MOVWF       R11, 0
0x013A	0x0EBB      	MOVLW       187
0x013C	0x6E0C      	MOVWF       R12, 0
0x013E	0x0EDF      	MOVLW       223
0x0140	0x6E0D      	MOVWF       R13, 0
L_main6:
0x0142	0x2E0D      	DECFSZ      R13, 1, 0
0x0144	0xD7FE      	BRA         L_main6
0x0146	0x2E0C      	DECFSZ      R12, 1, 0
0x0148	0xD7FC      	BRA         L_main6
0x014A	0x2E0B      	DECFSZ      R11, 1, 0
0x014C	0xD7FA      	BRA         L_main6
0x014E	0x0000      	NOP
0x0150	0x0000      	NOP
;RASPBERRY_PI.c,11 :: 		UART1_WRITE_TEXT("3|February|3200.00|March 01, 2023|+639614680406\x0D");
0x0152	0x0EFB      	MOVLW       ?lstr3_RASPBERRY_PI
0x0154	0x6F3C      	MOVWF       FARG_UART1_Write_Text_uart_text, 1
0x0156	0x0E00      	MOVLW       hi_addr(?lstr3_RASPBERRY_PI)
0x0158	0x6F3D      	MOVWF       FARG_UART1_Write_Text_uart_text+1, 1
0x015A	0xDF67      	RCALL       _UART1_Write_Text
;RASPBERRY_PI.c,13 :: 		}while(1);
0x015C	0xD7C6      	BRA         L_main1
;RASPBERRY_PI.c,14 :: 		}
L_end_main:
0x015E	0xD7FF      	BRA         $+0
; end of _main
0x0278	0xF015EE10  	LFSR        1, 21
0x027C	0x0E17      	MOVLW       23
0x027E	0x6E00      	MOVWF       R0 
0x0280	0x0E02      	MOVLW       2
0x0282	0x6E01      	MOVWF       R1 
0x0284	0x0E60      	MOVLW       96
0x0286	0x6EF6      	MOVWF       4086 
0x0288	0x0E01      	MOVLW       1
0x028A	0x6EF7      	MOVWF       TBLPTRH 
0x028C	0x0E00      	MOVLW       0
0x028E	0x6EF8      	MOVWF       TBLPTRU 
0x0290	0xF000EC5B  	CALL        182, 0
0x0294	0x0012      	RETURN      0
;RASPBERRY_PI.c,0 :: ?ICS?lstr2_RASPBERRY_PI
0x0160	0x7C32 ;?ICS?lstr2_RASPBERRY_PI+0
0x0162	0x6F4A ;?ICS?lstr2_RASPBERRY_PI+2
0x0164	0x6873 ;?ICS?lstr2_RASPBERRY_PI+4
0x0166	0x6175 ;?ICS?lstr2_RASPBERRY_PI+6
0x0168	0x5520 ;?ICS?lstr2_RASPBERRY_PI+8
0x016A	0x6972 ;?ICS?lstr2_RASPBERRY_PI+10
0x016C	0x6C65 ;?ICS?lstr2_RASPBERRY_PI+12
0x016E	0x4D20 ;?ICS?lstr2_RASPBERRY_PI+14
0x0170	0x6765 ;?ICS?lstr2_RASPBERRY_PI+16
0x0172	0x6975 ;?ICS?lstr2_RASPBERRY_PI+18
0x0174	0x6F73 ;?ICS?lstr2_RASPBERRY_PI+20
0x0176	0x527C ;?ICS?lstr2_RASPBERRY_PI+22
0x0178	0x304D ;?ICS?lstr2_RASPBERRY_PI+24
0x017A	0x3130 ;?ICS?lstr2_RASPBERRY_PI+26
0x017C	0x417C ;?ICS?lstr2_RASPBERRY_PI+28
0x017E	0x7270 ;?ICS?lstr2_RASPBERRY_PI+30
0x0180	0x6C69 ;?ICS?lstr2_RASPBERRY_PI+32
0x0182	0x202C ;?ICS?lstr2_RASPBERRY_PI+34
0x0184	0x3032 ;?ICS?lstr2_RASPBERRY_PI+36
0x0186	0x3332 ;?ICS?lstr2_RASPBERRY_PI+38
0x0188	0x417C ;?ICS?lstr2_RASPBERRY_PI+40
0x018A	0x7270 ;?ICS?lstr2_RASPBERRY_PI+42
0x018C	0x6C69 ;?ICS?lstr2_RASPBERRY_PI+44
0x018E	0x3220 ;?ICS?lstr2_RASPBERRY_PI+46
0x0190	0x2C30 ;?ICS?lstr2_RASPBERRY_PI+48
0x0192	0x3220 ;?ICS?lstr2_RASPBERRY_PI+50
0x0194	0x3230 ;?ICS?lstr2_RASPBERRY_PI+52
0x0196	0x7C33 ;?ICS?lstr2_RASPBERRY_PI+54
0x0198	0x614D ;?ICS?lstr2_RASPBERRY_PI+56
0x019A	0x2079 ;?ICS?lstr2_RASPBERRY_PI+58
0x019C	0x3032 ;?ICS?lstr2_RASPBERRY_PI+60
0x019E	0x202C ;?ICS?lstr2_RASPBERRY_PI+62
0x01A0	0x3032 ;?ICS?lstr2_RASPBERRY_PI+64
0x01A2	0x3332 ;?ICS?lstr2_RASPBERRY_PI+66
0x01A4	0x327C ;?ICS?lstr2_RASPBERRY_PI+68
0x01A6	0x3037 ;?ICS?lstr2_RASPBERRY_PI+70
0x01A8	0x2E30 ;?ICS?lstr2_RASPBERRY_PI+72
0x01AA	0x3030 ;?ICS?lstr2_RASPBERRY_PI+74
0x01AC	0x337C ;?ICS?lstr2_RASPBERRY_PI+76
0x01AE	0x3030 ;?ICS?lstr2_RASPBERRY_PI+78
0x01B0	0x302E ;?ICS?lstr2_RASPBERRY_PI+80
0x01B2	0x7C30 ;?ICS?lstr2_RASPBERRY_PI+82
0x01B4	0x3032 ;?ICS?lstr2_RASPBERRY_PI+84
0x01B6	0x2E30 ;?ICS?lstr2_RASPBERRY_PI+86
0x01B8	0x3030 ;?ICS?lstr2_RASPBERRY_PI+88
0x01BA	0x337C ;?ICS?lstr2_RASPBERRY_PI+90
0x01BC	0x3032 ;?ICS?lstr2_RASPBERRY_PI+92
0x01BE	0x2E30 ;?ICS?lstr2_RASPBERRY_PI+94
0x01C0	0x3030 ;?ICS?lstr2_RASPBERRY_PI+96
0x01C2	0x307C ;?ICS?lstr2_RASPBERRY_PI+98
0x01C4	0x302E ;?ICS?lstr2_RASPBERRY_PI+100
0x01C6	0x7C30 ;?ICS?lstr2_RASPBERRY_PI+102
0x01C8	0x614D ;?ICS?lstr2_RASPBERRY_PI+104
0x01CA	0x2079 ;?ICS?lstr2_RASPBERRY_PI+106
0x01CC	0x3232 ;?ICS?lstr2_RASPBERRY_PI+108
0x01CE	0x202C ;?ICS?lstr2_RASPBERRY_PI+110
0x01D0	0x3032 ;?ICS?lstr2_RASPBERRY_PI+112
0x01D2	0x3332 ;?ICS?lstr2_RASPBERRY_PI+114
0x01D4	0x000D ;?ICS?lstr2_RASPBERRY_PI+116
; end of ?ICS?lstr2_RASPBERRY_PI
;RASPBERRY_PI.c,0 :: ?ICS?lstr1_RASPBERRY_PI
0x01D6	0x7C31 ;?ICS?lstr1_RASPBERRY_PI+0
0x01D8	0x6F4A ;?ICS?lstr1_RASPBERRY_PI+2
0x01DA	0x6873 ;?ICS?lstr1_RASPBERRY_PI+4
0x01DC	0x6175 ;?ICS?lstr1_RASPBERRY_PI+6
0x01DE	0x5520 ;?ICS?lstr1_RASPBERRY_PI+8
0x01E0	0x6972 ;?ICS?lstr1_RASPBERRY_PI+10
0x01E2	0x6C65 ;?ICS?lstr1_RASPBERRY_PI+12
0x01E4	0x4D20 ;?ICS?lstr1_RASPBERRY_PI+14
0x01E6	0x6765 ;?ICS?lstr1_RASPBERRY_PI+16
0x01E8	0x6975 ;?ICS?lstr1_RASPBERRY_PI+18
0x01EA	0x6F73 ;?ICS?lstr1_RASPBERRY_PI+20
0x01EC	0x527C ;?ICS?lstr1_RASPBERRY_PI+22
0x01EE	0x304D ;?ICS?lstr1_RASPBERRY_PI+24
0x01F0	0x3130 ;?ICS?lstr1_RASPBERRY_PI+26
0x01F2	0x417C ;?ICS?lstr1_RASPBERRY_PI+28
0x01F4	0x7270 ;?ICS?lstr1_RASPBERRY_PI+30
0x01F6	0x6C69 ;?ICS?lstr1_RASPBERRY_PI+32
0x01F8	0x3220 ;?ICS?lstr1_RASPBERRY_PI+34
0x01FA	0x2C30 ;?ICS?lstr1_RASPBERRY_PI+36
0x01FC	0x3220 ;?ICS?lstr1_RASPBERRY_PI+38
0x01FE	0x3230 ;?ICS?lstr1_RASPBERRY_PI+40
0x0200	0x2033 ;?ICS?lstr1_RASPBERRY_PI+42
0x0202	0x202D ;?ICS?lstr1_RASPBERRY_PI+44
0x0204	0x614D ;?ICS?lstr1_RASPBERRY_PI+46
0x0206	0x2079 ;?ICS?lstr1_RASPBERRY_PI+48
0x0208	0x3032 ;?ICS?lstr1_RASPBERRY_PI+50
0x020A	0x202C ;?ICS?lstr1_RASPBERRY_PI+52
0x020C	0x3032 ;?ICS?lstr1_RASPBERRY_PI+54
0x020E	0x3332 ;?ICS?lstr1_RASPBERRY_PI+56
0x0210	0x327C ;?ICS?lstr1_RASPBERRY_PI+58
0x0212	0x3037 ;?ICS?lstr1_RASPBERRY_PI+60
0x0214	0x2E30 ;?ICS?lstr1_RASPBERRY_PI+62
0x0216	0x3030 ;?ICS?lstr1_RASPBERRY_PI+64
0x0218	0x337C ;?ICS?lstr1_RASPBERRY_PI+66
0x021A	0x3030 ;?ICS?lstr1_RASPBERRY_PI+68
0x021C	0x302E ;?ICS?lstr1_RASPBERRY_PI+70
0x021E	0x7C30 ;?ICS?lstr1_RASPBERRY_PI+72
0x0220	0x3031 ;?ICS?lstr1_RASPBERRY_PI+74
0x0222	0x3030 ;?ICS?lstr1_RASPBERRY_PI+76
0x0224	0x327C ;?ICS?lstr1_RASPBERRY_PI+78
0x0226	0x3030 ;?ICS?lstr1_RASPBERRY_PI+80
0x0228	0x7C30 ;?ICS?lstr1_RASPBERRY_PI+82
0x022A	0x3031 ;?ICS?lstr1_RASPBERRY_PI+84
0x022C	0x3030 ;?ICS?lstr1_RASPBERRY_PI+86
0x022E	0x347C ;?ICS?lstr1_RASPBERRY_PI+88
0x0230	0x3030 ;?ICS?lstr1_RASPBERRY_PI+90
0x0232	0x302E ;?ICS?lstr1_RASPBERRY_PI+92
0x0234	0x7C30 ;?ICS?lstr1_RASPBERRY_PI+94
0x0236	0x3032 ;?ICS?lstr1_RASPBERRY_PI+96
0x0238	0x2E30 ;?ICS?lstr1_RASPBERRY_PI+98
0x023A	0x3030 ;?ICS?lstr1_RASPBERRY_PI+100
0x023C	0x337C ;?ICS?lstr1_RASPBERRY_PI+102
0x023E	0x3032 ;?ICS?lstr1_RASPBERRY_PI+104
0x0240	0x2E30 ;?ICS?lstr1_RASPBERRY_PI+106
0x0242	0x3030 ;?ICS?lstr1_RASPBERRY_PI+108
0x0244	0x000D ;?ICS?lstr1_RASPBERRY_PI+110
; end of ?ICS?lstr1_RASPBERRY_PI
;RASPBERRY_PI.c,0 :: ?ICS?lstr3_RASPBERRY_PI
0x0246	0x7C33 ;?ICS?lstr3_RASPBERRY_PI+0
0x0248	0x6546 ;?ICS?lstr3_RASPBERRY_PI+2
0x024A	0x7262 ;?ICS?lstr3_RASPBERRY_PI+4
0x024C	0x6175 ;?ICS?lstr3_RASPBERRY_PI+6
0x024E	0x7972 ;?ICS?lstr3_RASPBERRY_PI+8
0x0250	0x337C ;?ICS?lstr3_RASPBERRY_PI+10
0x0252	0x3032 ;?ICS?lstr3_RASPBERRY_PI+12
0x0254	0x2E30 ;?ICS?lstr3_RASPBERRY_PI+14
0x0256	0x3030 ;?ICS?lstr3_RASPBERRY_PI+16
0x0258	0x4D7C ;?ICS?lstr3_RASPBERRY_PI+18
0x025A	0x7261 ;?ICS?lstr3_RASPBERRY_PI+20
0x025C	0x6863 ;?ICS?lstr3_RASPBERRY_PI+22
0x025E	0x3020 ;?ICS?lstr3_RASPBERRY_PI+24
0x0260	0x2C31 ;?ICS?lstr3_RASPBERRY_PI+26
0x0262	0x3220 ;?ICS?lstr3_RASPBERRY_PI+28
0x0264	0x3230 ;?ICS?lstr3_RASPBERRY_PI+30
0x0266	0x7C33 ;?ICS?lstr3_RASPBERRY_PI+32
0x0268	0x362B ;?ICS?lstr3_RASPBERRY_PI+34
0x026A	0x3933 ;?ICS?lstr3_RASPBERRY_PI+36
0x026C	0x3136 ;?ICS?lstr3_RASPBERRY_PI+38
0x026E	0x3634 ;?ICS?lstr3_RASPBERRY_PI+40
0x0270	0x3038 ;?ICS?lstr3_RASPBERRY_PI+42
0x0272	0x3034 ;?ICS?lstr3_RASPBERRY_PI+44
0x0274	0x0D36 ;?ICS?lstr3_RASPBERRY_PI+46
0x0276	0x00 ;?ICS?lstr3_RASPBERRY_PI+48
; end of ?ICS?lstr3_RASPBERRY_PI
Symbol List:
//** Routines locations **
//ADDRESS    SIZE    PROCEDURE
//----------------------------------------------
0x001C      [14]    _UART1_Write
0x002A      [52]    _UART1_Write_Text
0x005E      [88]    _UART1_Init
0x00B6      [16]    ___CC2DW
0x00C6     [154]    _main
//** Variables locations ** 
//ADDRESS    SIZE    VARIABLE
//----------------------------------------------
0x0000       [1]    R0
0x0000       [1]    UART1_Init_tmp_L0
0x0001       [1]    R1
0x0001       [1]    UART1_Read___tmp_UART1_Read_L0
0x0002       [1]    R2
0x0003       [1]    R3
0x0004       [1]    R4
0x0005       [1]    R5
0x0006       [1]    R6
0x0007       [1]    R7
0x0008       [1]    R8
0x0009       [1]    R9
0x000A       [1]    R10
0x000B       [1]    R11
0x000C       [1]    R12
0x000D       [1]    R13
0x000E       [1]    R14
0x000F       [1]    R15
0x0010       [1]    R16
0x0011       [1]    R17
0x0012       [1]    R18
0x0013       [1]    R19
0x0014       [1]    R20
0x0015     [118]    ?lstr2_RASPBERRY_PI
0x008B     [112]    ?lstr1_RASPBERRY_PI
0x00FB      [49]    ?lstr3_RASPBERRY_PI
0x012C       [4]    _UART_Rd_Ptr
0x0130       [4]    _UART_Rdy_Ptr
0x0134       [4]    _UART_Tx_Idle_Ptr
0x0138       [4]    _UART_Wr_Ptr
0x013C       [2]    FARG_UART1_Write_Text_uart_text
0x013E       [1]    UART1_Write_Text_data__L0
0x013F       [1]    UART1_Write_Text_counter_L0
0x0140       [1]    FARG_UART1_Write_data_
0x0F94       [0]    TRISC6_bit
0x0F94       [0]    TRISC7_bit
0x0F9E       [1]    PIR1
0x0FAB       [1]    RCSTA
0x0FAC       [1]    TXSTA
0x0FAD       [1]    TXREG
0x0FAE       [1]    RCREG
0x0FAF       [1]    SPBRG
0x0FB0       [1]    SPBRGH
0x0FB8       [1]    BAUDCON
0x0FD8       [1]    STATUS
0x0FD9       [1]    FSR2L
0x0FDA       [1]    FSR2H
0x0FDE       [1]    POSTINC2
0x0FE0       [1]    BSR
0x0FE1       [1]    FSR1L
0x0FE2       [1]    FSR1H
0x0FE4       [1]    PREINC1
0x0FE6       [1]    POSTINC1
0x0FE7       [1]    INDF1
0x0FE8       [1]    WREG
0x0FE9       [1]    FSR0L
0x0FEA       [1]    FSR0H
0x0FEE       [1]    POSTINC0
0x0FF3       [1]    PRODL
0x0FF4       [1]    PRODH
0x0FF5       [1]    TABLAT
0x0FF6       [1]    TBLPTRL
0x0FF7       [1]    TBLPTRH
0x0FF8       [1]    TBLPTRU
//** Constants locations ** 
//ADDRESS    SIZE    CONSTANT
//----------------------------------------------
0x0160     [118]    ?ICS?lstr2_RASPBERRY_PI
0x01D6     [112]    ?ICS?lstr1_RASPBERRY_PI
0x0246      [49]    ?ICS?lstr3_RASPBERRY_PI
