;  LST file generated by mikroListExporter - v.2.0 
; Date/Time: 04/13/2023 4:29:40 pm
;----------------------------------------------

;Address Opcode 	ASM
0x0000	0xF000EF70  	GOTO        224
0x0004	0x0000      	NOP
0x0006	0x0000      	NOP
0x0008	0xF000EF00  	GOTO        0
0x000C	0x0000      	NOP
0x000E	0x0000      	NOP
0x0010	0x0000      	NOP
0x0012	0x0000      	NOP
0x0014	0x0000      	NOP
0x0016	0x0000      	NOP
0x0018	0xD7F3      	BRA         0
_UART1_Write:
;__Lib_UART_c67.c,58 :: 		
;__Lib_UART_c67.c,59 :: 		
L_UART1_Write3:
0x001C	0xB2AC      	BTFSC       TXSTA, 1 
0x001E	0xD002      	BRA         L_UART1_Write4
;__Lib_UART_c67.c,60 :: 		
0x0020	0x0000      	NOP
0x0022	0xD7FC      	BRA         L_UART1_Write3
L_UART1_Write4:
;__Lib_UART_c67.c,61 :: 		
0x0024	0xFFADC05F  	MOVFF       FARG_UART1_Write_data_, TXREG
;__Lib_UART_c67.c,62 :: 		
L_end_UART1_Write:
0x0028	0x0012      	RETURN      0
; end of _UART1_Write
_Serial_println:
;THERMAL_PRINTER.c,3 :: 		void Serial_println(char *s){
;THERMAL_PRINTER.c,4 :: 		while(*s){
L_Serial_println0:
0x002A	0xFFE9C065  	MOVFF       FARG_Serial_println_s, FSR0L
0x002E	0xFFEAC066  	MOVFF       FARG_Serial_println_s+1, FSR0H
0x0032	0x52EE      	MOVF        POSTINC0, 1 
0x0034	0xE00B      	BZ          L_Serial_println1
;THERMAL_PRINTER.c,5 :: 		UART1_WRITE(*s++);
0x0036	0xFFE9C065  	MOVFF       FARG_Serial_println_s, FSR0L
0x003A	0xFFEAC066  	MOVFF       FARG_Serial_println_s+1, FSR0H
0x003E	0xF05FCFEE  	MOVFF       POSTINC0, FARG_UART1_Write_data_
0x0042	0xDFEC      	RCALL       _UART1_Write
0x0044	0x0100      	MOVLB       0
0x0046	0x4B65      	INFSNZ      FARG_Serial_println_s, 1, 1
0x0048	0x2B66      	INCF        FARG_Serial_println_s+1, 1, 1
;THERMAL_PRINTER.c,6 :: 		}
0x004A	0xD7EF      	BRA         L_Serial_println0
L_Serial_println1:
;THERMAL_PRINTER.c,7 :: 		UART1_WRITE(0X0D);
0x004C	0x0E0D      	MOVLW       13
0x004E	0x6E5F      	MOVWF       FARG_UART1_Write_data_ 
0x0050	0xDFE5      	RCALL       _UART1_Write
;THERMAL_PRINTER.c,8 :: 		}
L_end_Serial_println:
0x0052	0x0012      	RETURN      0
; end of _Serial_println
_Serial_print:
;THERMAL_PRINTER.c,9 :: 		void Serial_print(char *s){
;THERMAL_PRINTER.c,10 :: 		while(*s){
L_Serial_print2:
0x0054	0xFFE9C065  	MOVFF       FARG_Serial_print_s, FSR0L
0x0058	0xFFEAC066  	MOVFF       FARG_Serial_print_s+1, FSR0H
0x005C	0x52EE      	MOVF        POSTINC0, 1 
0x005E	0xE00B      	BZ          L_Serial_print3
;THERMAL_PRINTER.c,11 :: 		UART1_WRITE(*s++);
0x0060	0xFFE9C065  	MOVFF       FARG_Serial_print_s, FSR0L
0x0064	0xFFEAC066  	MOVFF       FARG_Serial_print_s+1, FSR0H
0x0068	0xF05FCFEE  	MOVFF       POSTINC0, FARG_UART1_Write_data_
0x006C	0xDFD7      	RCALL       _UART1_Write
0x006E	0x0100      	MOVLB       0
0x0070	0x4B65      	INFSNZ      FARG_Serial_print_s, 1, 1
0x0072	0x2B66      	INCF        FARG_Serial_print_s+1, 1, 1
;THERMAL_PRINTER.c,12 :: 		}
0x0074	0xD7EF      	BRA         L_Serial_print2
L_Serial_print3:
;THERMAL_PRINTER.c,13 :: 		}
L_end_Serial_print:
0x0076	0x0012      	RETURN      0
; end of _Serial_print
___CC2DW:
;__Lib_System.c,21 :: 		
;__Lib_System.c,23 :: 		
_CC2DL_Loop1:
;__Lib_System.c,24 :: 		
0x0078	0x0009      	TBLRD*+
;__Lib_System.c,25 :: 		
0x007A	0xFFE6CFF5  	MOVFF       TABLAT, POSTINC1
;__Lib_System.c,26 :: 		
0x007E	0x0600      	DECF        R0, 1, 0
;__Lib_System.c,27 :: 		
0x0080	0xE1FB      	BNZ         _CC2DL_Loop1
;__Lib_System.c,28 :: 		
0x0082	0x0601      	DECF        R1, 1, 0
;__Lib_System.c,29 :: 		
0x0084	0xE1F9      	BNZ         _CC2DL_Loop1
;__Lib_System.c,31 :: 		
L_end___CC2DW:
0x0086	0x0012      	RETURN      0
; end of ___CC2DW
_UART1_Init:
;__Lib_UART_c67.c,15 :: 		
;__Lib_UART_c67.c,18 :: 		
0x0088	0x0E1C      	MOVLW       _UART1_Write
0x008A	0x0100      	MOVLB       0
0x008C	0x6F61      	MOVWF       _UART_Wr_Ptr, 1
0x008E	0x0E00      	MOVLW       hi_addr(_UART1_Write)
0x0090	0x6F62      	MOVWF       _UART_Wr_Ptr+1, 1
0x0092	0x0E5F      	MOVLW       FARG_UART1_Write_data_
0x0094	0x6F63      	MOVWF       _UART_Wr_Ptr+2, 1
0x0096	0x0E00      	MOVLW       hi_addr(FARG_UART1_Write_data_)
0x0098	0x6F64      	MOVWF       _UART_Wr_Ptr+3, 1
;__Lib_UART_c67.c,19 :: 		
0x009A	0x0EFF      	MOVLW       _UART1_Read
0x009C	0x6E53      	MOVWF       _UART_Rd_Ptr 
0x009E	0x0EFF      	MOVLW       hi_addr(_UART1_Read)
0x00A0	0x6E54      	MOVWF       _UART_Rd_Ptr+1 
0x00A2	0x0E00      	MOVLW       0
0x00A4	0x6E55      	MOVWF       _UART_Rd_Ptr+2 
0x00A6	0x0E00      	MOVLW       0
0x00A8	0x6E56      	MOVWF       _UART_Rd_Ptr+3 
;__Lib_UART_c67.c,20 :: 		
0x00AA	0x0EFF      	MOVLW       _UART1_Data_Ready
0x00AC	0x6E57      	MOVWF       _UART_Rdy_Ptr 
0x00AE	0x0EFF      	MOVLW       hi_addr(_UART1_Data_Ready)
0x00B0	0x6E58      	MOVWF       _UART_Rdy_Ptr+1 
0x00B2	0x0E00      	MOVLW       0
0x00B4	0x6E59      	MOVWF       _UART_Rdy_Ptr+2 
0x00B6	0x0E00      	MOVLW       0
0x00B8	0x6E5A      	MOVWF       _UART_Rdy_Ptr+3 
;__Lib_UART_c67.c,21 :: 		
0x00BA	0x0EFF      	MOVLW       _UART1_Tx_Idle
0x00BC	0x6E5B      	MOVWF       _UART_Tx_Idle_Ptr 
0x00BE	0x0EFF      	MOVLW       hi_addr(_UART1_Tx_Idle)
0x00C0	0x6E5C      	MOVWF       _UART_Tx_Idle_Ptr+1 
0x00C2	0x0E00      	MOVLW       0
0x00C4	0x6E5D      	MOVWF       _UART_Tx_Idle_Ptr+2 
0x00C6	0x0E00      	MOVLW       0
0x00C8	0x6E5E      	MOVWF       _UART_Tx_Idle_Ptr+3 
;__Lib_UART_c67.c,23 :: 		
0x00CA	0x8AAC      	BSF         TXSTA, 5 
;__Lib_UART_c67.c,24 :: 		
0x00CC	0x0E90      	MOVLW       144
0x00CE	0x6EAB      	MOVWF       RCSTA 
;__Lib_UART_c67.c,25 :: 		
0x00D0	0x8E94      	BSF         TRISC7_bit, BitPos(TRISC7_bit+0) 
;__Lib_UART_c67.c,26 :: 		
0x00D2	0x9C94      	BCF         TRISC6_bit, BitPos(TRISC6_bit+0) 
;__Lib_UART_c67.c,28 :: 		
L_UART1_Init0:
0x00D4	0xAA9E      	BTFSS       PIR1, 5 
0x00D6	0xD003      	BRA         L_UART1_Init1
;__Lib_UART_c67.c,29 :: 		
0x00D8	0xF000CFAE  	MOVFF       RCREG, R0
0x00DC	0xD7FB      	BRA         L_UART1_Init0
L_UART1_Init1:
;__Lib_UART_c67.c,30 :: 		
L_end_UART1_Init:
0x00DE	0x0012      	RETURN      0
; end of _UART1_Init
_main:
0x00E0	0xF000ECFE  	CALL        508, 0
;THERMAL_PRINTER.c,15 :: 		void main() {
;THERMAL_PRINTER.c,16 :: 		TRISC.RC0 = 0;
0x00E4	0x9094      	BCF         TRISC, 0 
;THERMAL_PRINTER.c,17 :: 		TRISC.RC1 = 0;
0x00E6	0x9294      	BCF         TRISC, 1 
;THERMAL_PRINTER.c,19 :: 		UART1_Init(9600);
0x00E8	0x86B8      	BSF         BAUDCON, 3, 0
0x00EA	0x6AB0      	CLRF        SPBRGH 
0x00EC	0x0E67      	MOVLW       103
0x00EE	0x6EAF      	MOVWF       SPBRG 
0x00F0	0x84AC      	BSF         TXSTA, 2, 0
0x00F2	0xDFCA      	RCALL       _UART1_Init
;THERMAL_PRINTER.c,20 :: 		delay_ms(100);
0x00F4	0x0E82      	MOVLW       130
0x00F6	0x6E0C      	MOVWF       R12, 0
0x00F8	0x0EDD      	MOVLW       221
0x00FA	0x6E0D      	MOVWF       R13, 0
L_main4:
0x00FC	0x2E0D      	DECFSZ      R13, 1, 0
0x00FE	0xD7FE      	BRA         L_main4
0x0100	0x2E0C      	DECFSZ      R12, 1, 0
0x0102	0xD7FC      	BRA         L_main4
0x0104	0x0000      	NOP
0x0106	0x0000      	NOP
;THERMAL_PRINTER.c,22 :: 		do{
L_main5:
;THERMAL_PRINTER.c,23 :: 		if(state == 0){
0x0108	0x0E00      	MOVLW       0
0x010A	0x1816      	XORWF       _state+1, 0 
0x010C	0xE102      	BNZ         L__main18
0x010E	0x0E00      	MOVLW       0
0x0110	0x1815      	XORWF       _state, 0 
L__main18:
0x0112	0xE128      	BNZ         L_main8
;THERMAL_PRINTER.c,24 :: 		LATC.RC0 = 0; //A
0x0114	0x908B      	BCF         LATC, 0 
;THERMAL_PRINTER.c,25 :: 		LATC.RC1 = 0; //B
0x0116	0x928B      	BCF         LATC, 1 
;THERMAL_PRINTER.c,26 :: 		delay_ms(1000);
0x0118	0x0E06      	MOVLW       6
0x011A	0x6E0B      	MOVWF       R11, 0
0x011C	0x0E13      	MOVLW       19
0x011E	0x6E0C      	MOVWF       R12, 0
0x0120	0x0EAD      	MOVLW       173
0x0122	0x6E0D      	MOVWF       R13, 0
L_main9:
0x0124	0x0100      	MOVLB       0
0x0126	0x2E0D      	DECFSZ      R13, 1, 0
0x0128	0xD7FD      	BRA         L_main9
0x012A	0x2E0C      	DECFSZ      R12, 1, 0
0x012C	0xD7FB      	BRA         L_main9
0x012E	0x2E0B      	DECFSZ      R11, 1, 0
0x0130	0xD7F9      	BRA         L_main9
0x0132	0x0000      	NOP
0x0134	0x0000      	NOP
;THERMAL_PRINTER.c,28 :: 		Serial_println("Hello World, this is output 1");
0x0136	0x0E17      	MOVLW       ?lstr1_THERMAL_PRINTER
0x0138	0x6F65      	MOVWF       FARG_Serial_println_s, 1
0x013A	0x0E00      	MOVLW       hi_addr(?lstr1_THERMAL_PRINTER)
0x013C	0x6F66      	MOVWF       FARG_Serial_println_s+1, 1
0x013E	0xDF75      	RCALL       _Serial_println
;THERMAL_PRINTER.c,30 :: 		state = 1;
0x0140	0x0E01      	MOVLW       1
0x0142	0x6E15      	MOVWF       _state 
0x0144	0x0E00      	MOVLW       0
0x0146	0x6E16      	MOVWF       _state+1 
;THERMAL_PRINTER.c,31 :: 		delay_ms(5000);
0x0148	0x0E1A      	MOVLW       26
0x014A	0x6E0B      	MOVWF       R11, 0
0x014C	0x0E5E      	MOVLW       94
0x014E	0x6E0C      	MOVWF       R12, 0
0x0150	0x0E6E      	MOVLW       110
0x0152	0x6E0D      	MOVWF       R13, 0
L_main10:
0x0154	0x2E0D      	DECFSZ      R13, 1, 0
0x0156	0xD7FE      	BRA         L_main10
0x0158	0x2E0C      	DECFSZ      R12, 1, 0
0x015A	0xD7FC      	BRA         L_main10
0x015C	0x2E0B      	DECFSZ      R11, 1, 0
0x015E	0xD7FA      	BRA         L_main10
0x0160	0x0000      	NOP
;THERMAL_PRINTER.c,32 :: 		}
0x0162	0xD02B      	BRA         L_main11
L_main8:
;THERMAL_PRINTER.c,33 :: 		else if(state == 1){
0x0164	0x0E00      	MOVLW       0
0x0166	0x1816      	XORWF       _state+1, 0 
0x0168	0xE102      	BNZ         L__main19
0x016A	0x0E01      	MOVLW       1
0x016C	0x1815      	XORWF       _state, 0 
L__main19:
0x016E	0xE125      	BNZ         L_main12
;THERMAL_PRINTER.c,34 :: 		LATC.RC0 = 1; //A
0x0170	0x808B      	BSF         LATC, 0 
;THERMAL_PRINTER.c,35 :: 		LATC.RC1 = 0; //B
0x0172	0x928B      	BCF         LATC, 1 
;THERMAL_PRINTER.c,36 :: 		delay_ms(1000);
0x0174	0x0E06      	MOVLW       6
0x0176	0x6E0B      	MOVWF       R11, 0
0x0178	0x0E13      	MOVLW       19
0x017A	0x6E0C      	MOVWF       R12, 0
0x017C	0x0EAD      	MOVLW       173
0x017E	0x6E0D      	MOVWF       R13, 0
L_main13:
0x0180	0x2E0D      	DECFSZ      R13, 1, 0
0x0182	0xD7FE      	BRA         L_main13
0x0184	0x2E0C      	DECFSZ      R12, 1, 0
0x0186	0xD7FC      	BRA         L_main13
0x0188	0x2E0B      	DECFSZ      R11, 1, 0
0x018A	0xD7FA      	BRA         L_main13
0x018C	0x0000      	NOP
0x018E	0x0000      	NOP
;THERMAL_PRINTER.c,38 :: 		Serial_print("Hello World, this is output 2");
0x0190	0x0E35      	MOVLW       ?lstr2_THERMAL_PRINTER
0x0192	0x0100      	MOVLB       0
0x0194	0x6F65      	MOVWF       FARG_Serial_print_s, 1
0x0196	0x0E00      	MOVLW       hi_addr(?lstr2_THERMAL_PRINTER)
0x0198	0x6F66      	MOVWF       FARG_Serial_print_s+1, 1
0x019A	0xDF5C      	RCALL       _Serial_print
;THERMAL_PRINTER.c,40 :: 		state = 0;
0x019C	0x6A15      	CLRF        _state 
0x019E	0x6A16      	CLRF        _state+1 
;THERMAL_PRINTER.c,41 :: 		delay_ms(5000);
0x01A0	0x0E1A      	MOVLW       26
0x01A2	0x6E0B      	MOVWF       R11, 0
0x01A4	0x0E5E      	MOVLW       94
0x01A6	0x6E0C      	MOVWF       R12, 0
0x01A8	0x0E6E      	MOVLW       110
0x01AA	0x6E0D      	MOVWF       R13, 0
L_main14:
0x01AC	0x2E0D      	DECFSZ      R13, 1, 0
0x01AE	0xD7FE      	BRA         L_main14
0x01B0	0x2E0C      	DECFSZ      R12, 1, 0
0x01B2	0xD7FC      	BRA         L_main14
0x01B4	0x2E0B      	DECFSZ      R11, 1, 0
0x01B6	0xD7FA      	BRA         L_main14
0x01B8	0x0000      	NOP
;THERMAL_PRINTER.c,42 :: 		}
L_main12:
L_main11:
;THERMAL_PRINTER.c,43 :: 		}while(1);
0x01BA	0xD7A6      	BRA         L_main5
;THERMAL_PRINTER.c,44 :: 		}
L_end_main:
0x01BC	0xD7FF      	BRA         $+0
; end of _main
0x01FC	0xF015EE10  	LFSR        1, 21
0x0200	0x0E3E      	MOVLW       62
0x0202	0x6E00      	MOVWF       R0 
0x0204	0x0E01      	MOVLW       1
0x0206	0x6E01      	MOVWF       R1 
0x0208	0x0EBE      	MOVLW       190
0x020A	0x6EF6      	MOVWF       4086 
0x020C	0x0E01      	MOVLW       1
0x020E	0x6EF7      	MOVWF       TBLPTRH 
0x0210	0x0E00      	MOVLW       0
0x0212	0x6EF8      	MOVWF       TBLPTRU 
0x0214	0xF000EC3C  	CALL        120, 0
0x0218	0x0012      	RETURN      0
;THERMAL_PRINTER.c,0 :: ?ICS_state
0x01BE	0x0000 ;?ICS_state+0
; end of ?ICS_state
;THERMAL_PRINTER.c,0 :: ?ICS?lstr1_THERMAL_PRINTER
0x01C0	0x6548 ;?ICS?lstr1_THERMAL_PRINTER+0
0x01C2	0x6C6C ;?ICS?lstr1_THERMAL_PRINTER+2
0x01C4	0x206F ;?ICS?lstr1_THERMAL_PRINTER+4
0x01C6	0x6F57 ;?ICS?lstr1_THERMAL_PRINTER+6
0x01C8	0x6C72 ;?ICS?lstr1_THERMAL_PRINTER+8
0x01CA	0x2C64 ;?ICS?lstr1_THERMAL_PRINTER+10
0x01CC	0x7420 ;?ICS?lstr1_THERMAL_PRINTER+12
0x01CE	0x6968 ;?ICS?lstr1_THERMAL_PRINTER+14
0x01D0	0x2073 ;?ICS?lstr1_THERMAL_PRINTER+16
0x01D2	0x7369 ;?ICS?lstr1_THERMAL_PRINTER+18
0x01D4	0x6F20 ;?ICS?lstr1_THERMAL_PRINTER+20
0x01D6	0x7475 ;?ICS?lstr1_THERMAL_PRINTER+22
0x01D8	0x7570 ;?ICS?lstr1_THERMAL_PRINTER+24
0x01DA	0x2074 ;?ICS?lstr1_THERMAL_PRINTER+26
0x01DC	0x0031 ;?ICS?lstr1_THERMAL_PRINTER+28
; end of ?ICS?lstr1_THERMAL_PRINTER
;THERMAL_PRINTER.c,0 :: ?ICS?lstr2_THERMAL_PRINTER
0x01DE	0x6548 ;?ICS?lstr2_THERMAL_PRINTER+0
0x01E0	0x6C6C ;?ICS?lstr2_THERMAL_PRINTER+2
0x01E2	0x206F ;?ICS?lstr2_THERMAL_PRINTER+4
0x01E4	0x6F57 ;?ICS?lstr2_THERMAL_PRINTER+6
0x01E6	0x6C72 ;?ICS?lstr2_THERMAL_PRINTER+8
0x01E8	0x2C64 ;?ICS?lstr2_THERMAL_PRINTER+10
0x01EA	0x7420 ;?ICS?lstr2_THERMAL_PRINTER+12
0x01EC	0x6968 ;?ICS?lstr2_THERMAL_PRINTER+14
0x01EE	0x2073 ;?ICS?lstr2_THERMAL_PRINTER+16
0x01F0	0x7369 ;?ICS?lstr2_THERMAL_PRINTER+18
0x01F2	0x6F20 ;?ICS?lstr2_THERMAL_PRINTER+20
0x01F4	0x7475 ;?ICS?lstr2_THERMAL_PRINTER+22
0x01F6	0x7570 ;?ICS?lstr2_THERMAL_PRINTER+24
0x01F8	0x2074 ;?ICS?lstr2_THERMAL_PRINTER+26
0x01FA	0x0032 ;?ICS?lstr2_THERMAL_PRINTER+28
; end of ?ICS?lstr2_THERMAL_PRINTER
Symbol List:
//** Routines locations **
//ADDRESS    SIZE    PROCEDURE
//----------------------------------------------
0x001C      [14]    _UART1_Write
0x002A      [42]    _Serial_println
0x0054      [36]    _Serial_print
0x0078      [16]    ___CC2DW
0x0088      [88]    _UART1_Init
0x00E0     [222]    _main
//** Variables locations ** 
//ADDRESS    SIZE    VARIABLE
//----------------------------------------------
0x0000       [1]    UART1_Init_tmp_L0
0x0000       [1]    R0
0x0001       [1]    UART1_Read___tmp_UART1_Read_L0
0x0001       [1]    R1
0x0002       [1]    R2
0x0003       [1]    R3
0x0004       [1]    R4
0x0005       [1]    R5
0x0006       [1]    R6
0x0007       [1]    R7
0x0008       [1]    R8
0x0009       [1]    R9
0x000A       [1]    R10
0x000B       [1]    R11
0x000C       [1]    R12
0x000D       [1]    R13
0x000E       [1]    R14
0x000F       [1]    R15
0x0010       [1]    R16
0x0011       [1]    R17
0x0012       [1]    R18
0x0013       [1]    R19
0x0014       [1]    R20
0x0015       [2]    _state
0x0017      [30]    ?lstr1_THERMAL_PRINTER
0x0035      [30]    ?lstr2_THERMAL_PRINTER
0x0053       [4]    _UART_Rd_Ptr
0x0057       [4]    _UART_Rdy_Ptr
0x005B       [4]    _UART_Tx_Idle_Ptr
0x005F       [1]    FARG_UART1_Write_data_
0x0061       [4]    _UART_Wr_Ptr
0x0065       [2]    FARG_Serial_print_s
0x0065       [2]    FARG_Serial_println_s
0x0F8B       [1]    LATC
0x0F94       [1]    TRISC
0x0F94       [0]    TRISC6_bit
0x0F94       [0]    TRISC7_bit
0x0F9E       [1]    PIR1
0x0FAB       [1]    RCSTA
0x0FAC       [1]    TXSTA
0x0FAD       [1]    TXREG
0x0FAE       [1]    RCREG
0x0FAF       [1]    SPBRG
0x0FB0       [1]    SPBRGH
0x0FB8       [1]    BAUDCON
0x0FD8       [1]    STATUS
0x0FD9       [1]    FSR2L
0x0FDA       [1]    FSR2H
0x0FDE       [1]    POSTINC2
0x0FE0       [1]    BSR
0x0FE1       [1]    FSR1L
0x0FE2       [1]    FSR1H
0x0FE4       [1]    PREINC1
0x0FE6       [1]    POSTINC1
0x0FE7       [1]    INDF1
0x0FE8       [1]    WREG
0x0FE9       [1]    FSR0L
0x0FEA       [1]    FSR0H
0x0FEE       [1]    POSTINC0
0x0FF3       [1]    PRODL
0x0FF4       [1]    PRODH
0x0FF5       [1]    TABLAT
0x0FF6       [1]    TBLPTRL
0x0FF7       [1]    TBLPTRH
0x0FF8       [1]    TBLPTRU
//** Constants locations ** 
//ADDRESS    SIZE    CONSTANT
//----------------------------------------------
0x01BE       [2]    ?ICS_state
0x01C0      [30]    ?ICS?lstr1_THERMAL_PRINTER
0x01DE      [30]    ?ICS?lstr2_THERMAL_PRINTER
