;  LST file generated by mikroListExporter - v.2.0 
; Date/Time: 05/05/2023 12:11:13 am
;----------------------------------------------

;Address Opcode 	ASM
0x0000	0xF000EF14  	GOTO        40
0x0004	0x0000      	NOP
0x0006	0x0000      	NOP
0x0008	0xF000EF00  	GOTO        0
0x000C	0x0000      	NOP
0x000E	0x0000      	NOP
0x0010	0x0000      	NOP
0x0012	0x0000      	NOP
0x0014	0x0000      	NOP
0x0016	0x0000      	NOP
0x0018	0xD7F3      	BRA         0
_setup:
;config.h,20 :: 		void setup(){
;config.h,22 :: 		setInputRB1 = input;
0x001C	0x8293      	BSF         TRISB, 1 
;config.h,23 :: 		setInputRB2 = input;
0x001E	0x8493      	BSF         TRISB, 2 
;config.h,24 :: 		setOutputRD0 = output;
0x0020	0x9095      	BCF         TRISD, 0 
;config.h,25 :: 		setOutputRD1 = output;
0x0022	0x9295      	BCF         TRISD, 1 
;config.h,26 :: 		setOutputRD2 = output;
0x0024	0x9495      	BCF         TRISD, 2 
;config.h,27 :: 		}
L_end_setup:
0x0026	0x0012      	RETURN      0
; end of _setup
_main:
;Smart_Lock.c,3 :: 		void main() {
;Smart_Lock.c,4 :: 		setup();
0x0028	0xDFF9      	RCALL       _setup
;Smart_Lock.c,6 :: 		while(1){
L_main0:
;Smart_Lock.c,8 :: 		if(signalA == 0 && signalB == 1){           //SUCCESS
0x002A	0xB281      	BTFSC       PORTB, 1 
0x002C	0xD006      	BRA         L_main4
0x002E	0xA481      	BTFSS       PORTB, 2 
0x0030	0xD004      	BRA         L_main4
L__main11:
;Smart_Lock.c,9 :: 		success_LED = ON;
0x0032	0x808C      	BSF         LATD, 0 
;Smart_Lock.c,10 :: 		failed_LED = OFF;
0x0034	0x928C      	BCF         LATD, 1 
;Smart_Lock.c,11 :: 		doorSignal = OPEN;
0x0036	0x948C      	BCF         LATD, 2 
;Smart_Lock.c,12 :: 		}
0x0038	0xD00B      	BRA         L_main5
L_main4:
;Smart_Lock.c,13 :: 		else if(signalA == 1 && signalB == 0){      //FAILED
0x003A	0xA281      	BTFSS       PORTB, 1 
0x003C	0xD006      	BRA         L_main8
0x003E	0xB481      	BTFSC       PORTB, 2 
0x0040	0xD004      	BRA         L_main8
L__main10:
;Smart_Lock.c,14 :: 		failed_LED = ON;
0x0042	0x828C      	BSF         LATD, 1 
;Smart_Lock.c,15 :: 		success_LED = OFF;
0x0044	0x908C      	BCF         LATD, 0 
;Smart_Lock.c,16 :: 		doorSignal = CLOSE;
0x0046	0x848C      	BSF         LATD, 2 
;Smart_Lock.c,17 :: 		}
0x0048	0xD003      	BRA         L_main9
L_main8:
;Smart_Lock.c,19 :: 		success_LED = OFF;
0x004A	0x908C      	BCF         LATD, 0 
;Smart_Lock.c,20 :: 		failed_LED = OFF;
0x004C	0x928C      	BCF         LATD, 1 
;Smart_Lock.c,21 :: 		doorSignal = CLOSE;
0x004E	0x848C      	BSF         LATD, 2 
;Smart_Lock.c,22 :: 		}
L_main9:
L_main5:
;Smart_Lock.c,23 :: 		}
0x0050	0xD7EC      	BRA         L_main0
;Smart_Lock.c,28 :: 		}
L_end_main:
0x0052	0xD7FF      	BRA         $+0
; end of _main
Symbol List:
//** Routines locations **
//ADDRESS    SIZE    PROCEDURE
//----------------------------------------------
0x001C      [12]    _setup
0x0028      [44]    _main
//** Variables locations ** 
//ADDRESS    SIZE    VARIABLE
//----------------------------------------------
0x0000       [1]    R0
0x0001       [1]    R1
0x0002       [1]    R2
0x0003       [1]    R3
0x0004       [1]    R4
0x0005       [1]    R5
0x0006       [1]    R6
0x0007       [1]    R7
0x0008       [1]    R8
0x0009       [1]    R9
0x000A       [1]    R10
0x000B       [1]    R11
0x000C       [1]    R12
0x000D       [1]    R13
0x000E       [1]    R14
0x000F       [1]    R15
0x0010       [1]    R16
0x0011       [1]    R17
0x0012       [1]    R18
0x0013       [1]    R19
0x0014       [1]    R20
0x0F81       [1]    PORTB
0x0F8C       [1]    LATD
0x0F93       [1]    TRISB
0x0F95       [1]    TRISD
0x0FD8       [1]    STATUS
0x0FD9       [1]    FSR2L
0x0FDA       [1]    FSR2H
0x0FDE       [1]    POSTINC2
0x0FE0       [1]    BSR
0x0FE1       [1]    FSR1L
0x0FE2       [1]    FSR1H
0x0FE4       [1]    PREINC1
0x0FE6       [1]    POSTINC1
0x0FE7       [1]    INDF1
0x0FE8       [1]    WREG
0x0FE9       [1]    FSR0L
0x0FEA       [1]    FSR0H
0x0FEE       [1]    POSTINC0
0x0FF3       [1]    PRODL
0x0FF4       [1]    PRODH
0x0FF5       [1]    TABLAT
0x0FF6       [1]    TBLPTRL
0x0FF7       [1]    TBLPTRH
0x0FF8       [1]    TBLPTRU
