;  LST file generated by mikroListExporter - v.2.0 
; Date/Time: 03/23/2023 2:47:02 pm
;----------------------------------------------

;Address Opcode 	ASM
0x0000	0xF000EF18  	GOTO        48
_interrupt:
;Solenoid.c,1 :: 		void interrupt(){
;Solenoid.c,2 :: 		if(INTCON.INT0IF == 1){
0x0008	0xA2F2      	BTFSS       INTCON, 1 
0x000A	0xD011      	BRA         L_interrupt0
;Solenoid.c,3 :: 		PORTC.F0 = 0;
0x000C	0x9082      	BCF         PORTC, 0 
;Solenoid.c,4 :: 		delay_ms(3000);
0x000E	0x0E10      	MOVLW       16
0x0010	0x6E0B      	MOVWF       R11, 0
0x0012	0x0E39      	MOVLW       57
0x0014	0x6E0C      	MOVWF       R12, 0
0x0016	0x0E0D      	MOVLW       13
0x0018	0x6E0D      	MOVWF       R13, 0
L_interrupt1:
0x001A	0x2E0D      	DECFSZ      R13, 1, 0
0x001C	0xD7FE      	BRA         L_interrupt1
0x001E	0x2E0C      	DECFSZ      R12, 1, 0
0x0020	0xD7FC      	BRA         L_interrupt1
0x0022	0x2E0B      	DECFSZ      R11, 1, 0
0x0024	0xD7FA      	BRA         L_interrupt1
0x0026	0x0000      	NOP
0x0028	0x0000      	NOP
;Solenoid.c,5 :: 		PORTC.F0 = 1;
0x002A	0x8082      	BSF         PORTC, 0 
;Solenoid.c,6 :: 		INTCON.INT0IF = 0;
0x002C	0x92F2      	BCF         INTCON, 1 
;Solenoid.c,7 :: 		}
L_interrupt0:
;Solenoid.c,8 :: 		}
L_end_interrupt:
L__interrupt5:
0x002E	0x0011      	RETFIE      1
; end of _interrupt
_main:
;Solenoid.c,10 :: 		void main() {
;Solenoid.c,11 :: 		TRISB.RB0 = 1; //Set port as interrupt
0x0030	0x8093      	BSF         TRISB, 0 
;Solenoid.c,12 :: 		TRISC.RC0 = 0; //Set port as output
0x0032	0x9094      	BCF         TRISC, 0 
;Solenoid.c,14 :: 		PORTC.RC0 = 1;
0x0034	0x8082      	BSF         PORTC, 0 
;Solenoid.c,16 :: 		INTCON.INT0IF = 0;
0x0036	0x92F2      	BCF         INTCON, 1 
;Solenoid.c,17 :: 		INTCON.INT0IE = 1;
0x0038	0x88F2      	BSF         INTCON, 4 
;Solenoid.c,18 :: 		INTCON.GIE = 1;
0x003A	0x8EF2      	BSF         INTCON, 7 
;Solenoid.c,20 :: 		while(1);
L_main2:
0x003C	0xD7FF      	BRA         L_main2
;Solenoid.c,21 :: 		}
L_end_main:
0x003E	0xD7FF      	BRA         $+0
; end of _main
Symbol List:
//** Routines locations **
//ADDRESS    SIZE    PROCEDURE
//----------------------------------------------
0x0008      [40]    _interrupt
0x0030      [16]    _main
//** Variables locations ** 
//ADDRESS    SIZE    VARIABLE
//----------------------------------------------
0x0000       [1]    R0
0x0001       [1]    R1
0x0002       [1]    R2
0x0003       [1]    R3
0x0004       [1]    R4
0x0005       [1]    R5
0x0006       [1]    R6
0x0007       [1]    R7
0x0008       [1]    R8
0x0009       [1]    R9
0x000A       [1]    R10
0x000B       [1]    R11
0x000C       [1]    R12
0x000D       [1]    R13
0x000E       [1]    R14
0x000F       [1]    R15
0x0010       [1]    R16
0x0011       [1]    R17
0x0012       [1]    R18
0x0013       [1]    R19
0x0014       [1]    R20
0x0F82       [1]    PORTC
0x0F93       [1]    TRISB
0x0F94       [1]    TRISC
0x0FD8       [1]    STATUS
0x0FD9       [1]    FSR2L
0x0FDA       [1]    FSR2H
0x0FDE       [1]    POSTINC2
0x0FE0       [1]    BSR
0x0FE1       [1]    FSR1L
0x0FE2       [1]    FSR1H
0x0FE4       [1]    PREINC1
0x0FE6       [1]    POSTINC1
0x0FE7       [1]    INDF1
0x0FE8       [1]    WREG
0x0FE9       [1]    FSR0L
0x0FEA       [1]    FSR0H
0x0FEE       [1]    POSTINC0
0x0FF2       [1]    INTCON
0x0FF3       [1]    PRODL
0x0FF4       [1]    PRODH
0x0FF5       [1]    TABLAT
0x0FF6       [1]    TBLPTRL
0x0FF7       [1]    TBLPTRH
0x0FF8       [1]    TBLPTRU
