;  LST file generated by mikroListExporter - v.2.0 
; Date/Time: 05/05/2023 12:08:45 am
;----------------------------------------------

;Address Opcode 	ASM
0x0000	0xF003EF00  	GOTO        1536
0x0004	0x0000      	NOP
0x0006	0x0000      	NOP
0x0008	0xF000EF00  	GOTO        0
0x000C	0x0000      	NOP
0x000E	0x0000      	NOP
0x0010	0x0000      	NOP
0x0012	0x0000      	NOP
0x0014	0x0000      	NOP
0x0016	0x0000      	NOP
0x0018	0xD7F3      	BRA         0
_FIXSIGN32:
;__Lib_MathDouble.c,117 :: 		
;__Lib_MathDouble.c,121 :: 		
0x001C	0xAE0A      	BTFSS       R10, 7, 0
;__Lib_MathDouble.c,122 :: 		
0x001E	0x9E02      	BCF         R2, 7, 0
;__Lib_MathDouble.c,123 :: 		
0x0020	0x0E00      	MOVLW       0
;__Lib_MathDouble.c,125 :: 		
L_end_FIXSIGN32:
0x0022	0x0012      	RETURN      0
; end of _FIXSIGN32
_SETFUN32:
;__Lib_MathDouble.c,144 :: 		
;__Lib_MathDouble.c,152 :: 		
0x0024	0x840B      	BSF         R11, 2, 0
;__Lib_MathDouble.c,153 :: 		
0x0026	0xAE0B      	BTFSS       R11, 7, 0
;__Lib_MathDouble.c,154 :: 		
0x0028	0xF000EF1D  	GOTO        SETFUN32EEE
;__Lib_MathDouble.c,156 :: 		
0x002C	0x0E01      	MOVLW       1
;__Lib_MathDouble.c,157 :: 		
0x002E	0x6E03      	MOVWF       R3, 0
;__Lib_MathDouble.c,158 :: 		
0x0030	0x6A02      	CLRF        R2, 0
;__Lib_MathDouble.c,159 :: 		
0x0032	0x6A01      	CLRF        R1, 0
;__Lib_MathDouble.c,160 :: 		
0x0034	0x6A00      	CLRF        R0, 0
;__Lib_MathDouble.c,161 :: 		
0x0036	0x360A      	RLCF        R10, 1, 0
;__Lib_MathDouble.c,162 :: 		
0x0038	0x3202      	RRCF        R2, 1, 0
;__Lib_MathDouble.c,163 :: 		
SETFUN32EEE:
;__Lib_MathDouble.c,164 :: 		
0x003A	0x0EFF      	MOVLW       255
;__Lib_MathDouble.c,166 :: 		
L_end_SETFUN32:
0x003C	0x0012      	RETURN      0
; end of _SETFUN32
_RES032:
;__Lib_MathDouble.c,128 :: 		
;__Lib_MathDouble.c,134 :: 		
0x003E	0x6A02      	CLRF        R2, 0
;__Lib_MathDouble.c,135 :: 		
0x0040	0x6A01      	CLRF        R1, 0
;__Lib_MathDouble.c,136 :: 		
0x0042	0x6A00      	CLRF        R0, 0
;__Lib_MathDouble.c,137 :: 		
0x0044	0x6A08      	CLRF        R8, 0
;__Lib_MathDouble.c,138 :: 		
0x0046	0x6A03      	CLRF        R3, 0
;__Lib_MathDouble.c,139 :: 		
0x0048	0x0E00      	MOVLW       0
;__Lib_MathDouble.c,141 :: 		
L_end_RES032:
0x004A	0x0012      	RETURN      0
; end of _RES032
_SETIOV3224:
;__Lib_MathDouble.c,530 :: 		
;__Lib_MathDouble.c,537 :: 		
0x004C	0x800B      	BSF         R11, 0, 0
;__Lib_MathDouble.c,538 :: 		
0x004E	0xAE0B      	BTFSS       R11, 7, 0
;__Lib_MathDouble.c,539 :: 		
0x0050	0xF000EF32  	GOTO        SETIOV3224EEE
;__Lib_MathDouble.c,541 :: 		
0x0054	0x6A02      	CLRF        R2, 0
;__Lib_MathDouble.c,542 :: 		
0x0056	0xAE0A      	BTFSS       R10, 7, 0
;__Lib_MathDouble.c,543 :: 		
0x0058	0x0EFF      	MOVLW       255
;__Lib_MathDouble.c,544 :: 		
0x005A	0x6E02      	MOVWF       R2, 0
;__Lib_MathDouble.c,545 :: 		
0x005C	0x6E01      	MOVWF       R1, 0
;__Lib_MathDouble.c,546 :: 		
0x005E	0x6E00      	MOVWF       R0, 0
;__Lib_MathDouble.c,547 :: 		
0x0060	0x360A      	RLCF        R10, 1, 0
;__Lib_MathDouble.c,548 :: 		
0x0062	0x3202      	RRCF        R2, 1, 0
;__Lib_MathDouble.c,549 :: 		
SETIOV3224EEE:
;__Lib_MathDouble.c,550 :: 		
0x0064	0x0EFF      	MOVLW       255
;__Lib_MathDouble.c,552 :: 		
L_end_SETIOV3224:
0x0066	0x0012      	RETURN      0
; end of _SETIOV3224
_UART1_Write:
;__Lib_UART_c67.c,58 :: 		
;__Lib_UART_c67.c,59 :: 		
L_UART1_Write3:
0x0068	0xB2AC      	BTFSC       TXSTA, 1 
0x006A	0xD002      	BRA         L_UART1_Write4
;__Lib_UART_c67.c,60 :: 		
0x006C	0x0000      	NOP
0x006E	0xD7FC      	BRA         L_UART1_Write3
L_UART1_Write4:
;__Lib_UART_c67.c,61 :: 		
0x0070	0xFFADC0C7  	MOVFF       FARG_UART1_Write_data_, TXREG
;__Lib_UART_c67.c,62 :: 		
L_end_UART1_Write:
0x0074	0x0012      	RETURN      0
; end of _UART1_Write
_NRM3232:
;__Lib_MathDouble.c,455 :: 		
;__Lib_MathDouble.c,463 :: 		
0x0076	0x6A0C      	CLRF        R12, 0
;__Lib_MathDouble.c,464 :: 		
0x0078	0x6A0E      	CLRF        R14, 0
;__Lib_MathDouble.c,465 :: 		
0x007A	0x5002      	MOVF        R2, 0, 0
;__Lib_MathDouble.c,466 :: 		
0x007C	0xA4D8      	BTFSS       STATUS, 2, 0
;__Lib_MathDouble.c,467 :: 		
0x007E	0xF000EF54  	GOTO        NORM3232
;__Lib_MathDouble.c,468 :: 		
0x0082	0xF002C001  	MOVFF       R1, R2
;__Lib_MathDouble.c,469 :: 		
0x0086	0xF001C000  	MOVFF       R0, R1
;__Lib_MathDouble.c,470 :: 		
0x008A	0x6A00      	CLRF        R0, 0
;__Lib_MathDouble.c,471 :: 		
0x008C	0x860E      	BSF         R14, 3, 0
;__Lib_MathDouble.c,473 :: 		
0x008E	0x5002      	MOVF        R2, 0, 0
;__Lib_MathDouble.c,474 :: 		
0x0090	0xA4D8      	BTFSS       STATUS, 2, 0
;__Lib_MathDouble.c,475 :: 		
0x0092	0xF000EF54  	GOTO        NORM3232
;__Lib_MathDouble.c,476 :: 		
0x0096	0xF002C001  	MOVFF       R1, R2
;__Lib_MathDouble.c,477 :: 		
0x009A	0x6A01      	CLRF        R1, 0
;__Lib_MathDouble.c,478 :: 		
0x009C	0x960E      	BCF         R14, 3, 0
;__Lib_MathDouble.c,479 :: 		
0x009E	0x880E      	BSF         R14, 4, 0
;__Lib_MathDouble.c,481 :: 		
0x00A0	0x5002      	MOVF        R2, 0, 0
;__Lib_MathDouble.c,482 :: 		
0x00A2	0xB4D8      	BTFSC       STATUS, 2, 0
;__Lib_MathDouble.c,483 :: 		
0x00A4	0xF000EF66  	GOTO        JPNRES032
;__Lib_MathDouble.c,484 :: 		
NORM3232:
;__Lib_MathDouble.c,485 :: 		
0x00A8	0x500E      	MOVF        R14, 0, 0
;__Lib_MathDouble.c,486 :: 		
0x00AA	0x5E03      	SUBWF       R3, 1, 0
;__Lib_MathDouble.c,487 :: 		
0x00AC	0xA4D8      	BTFSS       STATUS, 2, 0
;__Lib_MathDouble.c,488 :: 		
0x00AE	0xA0D8      	BTFSS       STATUS, 0, 0
;__Lib_MathDouble.c,489 :: 		
0x00B0	0xF000EF6B  	GOTO        JPNSETFUN32
;__Lib_MathDouble.c,490 :: 		
0x00B4	0x90D8      	BCF         STATUS, 0, 0
;__Lib_MathDouble.c,491 :: 		
NORM3232A:
;__Lib_MathDouble.c,492 :: 		
0x00B6	0xBE02      	BTFSC       R2, 7, 0
;__Lib_MathDouble.c,493 :: 		
0x00B8	0xF000EF70  	GOTO        JMPNFIXSIGN32
;__Lib_MathDouble.c,494 :: 		
0x00BC	0x3600      	RLCF        R0, 1, 0
;__Lib_MathDouble.c,495 :: 		
0x00BE	0x3601      	RLCF        R1, 1, 0
;__Lib_MathDouble.c,496 :: 		
0x00C0	0x3602      	RLCF        R2, 1, 0
;__Lib_MathDouble.c,497 :: 		
0x00C2	0x2E03      	DECFSZ      R3, 1, 0
;__Lib_MathDouble.c,498 :: 		
0x00C4	0xF000EF5B  	GOTO        NORM3232A
;__Lib_MathDouble.c,499 :: 		
0x00C8	0xF000EF6B  	GOTO        JPNSETFUN32
;__Lib_MathDouble.c,500 :: 		
JPNRES032:
;__Lib_MathDouble.c,501 :: 		
0x00CC	0x0E01      	MOVLW       1
;__Lib_MathDouble.c,502 :: 		
0x00CE	0x6E0C      	MOVWF       R12, 0
;__Lib_MathDouble.c,504 :: 		
0x00D0	0xDFB6      	RCALL       _RES032
;__Lib_MathDouble.c,506 :: 		
0x00D2	0xF000EF73  	GOTO        NORM32EEE
;__Lib_MathDouble.c,507 :: 		
JPNSETFUN32:
;__Lib_MathDouble.c,508 :: 		
0x00D6	0x0E02      	MOVLW       2
;__Lib_MathDouble.c,509 :: 		
0x00D8	0x6E0C      	MOVWF       R12, 0
;__Lib_MathDouble.c,511 :: 		
0x00DA	0xDFA4      	RCALL       _SETFUN32
;__Lib_MathDouble.c,513 :: 		
0x00DC	0xF000EF73  	GOTO        NORM32EEE
;__Lib_MathDouble.c,514 :: 		
JMPNFIXSIGN32:
;__Lib_MathDouble.c,515 :: 		
0x00E0	0x0E04      	MOVLW       4
;__Lib_MathDouble.c,516 :: 		
0x00E2	0x6E0C      	MOVWF       R12, 0
;__Lib_MathDouble.c,518 :: 		
0x00E4	0xDF9B      	RCALL       _FIXSIGN32
;__Lib_MathDouble.c,520 :: 		
NORM32EEE:
;__Lib_MathDouble.c,527 :: 		
L_end_NRM3232:
0x00E6	0x0012      	RETURN      0
; end of _NRM3232
_SETFOV32:
;__Lib_MathDouble.c,82 :: 		
;__Lib_MathDouble.c,90 :: 		
0x00E8	0x820B      	BSF         R11, 1, 0
;__Lib_MathDouble.c,91 :: 		
0x00EA	0xAE0B      	BTFSS       R11, 7, 0
;__Lib_MathDouble.c,92 :: 		
0x00EC	0xF000EF7E  	GOTO        SETFOV32EEE
;__Lib_MathDouble.c,94 :: 		
0x00F0	0x6803      	SETF        R3, 0
;__Lib_MathDouble.c,95 :: 		
0x00F2	0x6802      	SETF        R2, 0
;__Lib_MathDouble.c,96 :: 		
0x00F4	0x6801      	SETF        R1, 0
;__Lib_MathDouble.c,97 :: 		
0x00F6	0x6800      	SETF        R0, 0
;__Lib_MathDouble.c,98 :: 		
0x00F8	0x360A      	RLCF        R10, 1, 0
;__Lib_MathDouble.c,99 :: 		
0x00FA	0x3202      	RRCF        R2, 1, 0
;__Lib_MathDouble.c,100 :: 		
SETFOV32EEE:
;__Lib_MathDouble.c,101 :: 		
0x00FC	0x0EFF      	MOVLW       255
;__Lib_MathDouble.c,103 :: 		
L_end_SETFOV32:
0x00FE	0x0012      	RETURN      0
; end of _SETFOV32
_SETFDZ32:
;__Lib_MathDouble.c,106 :: 		
;__Lib_MathDouble.c,110 :: 		
0x0100	0x6A0B      	CLRF        R11, 0
;__Lib_MathDouble.c,111 :: 		
0x0102	0x860B      	BSF         R11, 3, 0
;__Lib_MathDouble.c,112 :: 		
0x0104	0x0EFF      	MOVLW       255
;__Lib_MathDouble.c,114 :: 		
L_end_SETFDZ32:
0x0106	0x0012      	RETURN      0
; end of _SETFDZ32
_Div_32x32_FP:
;__Lib_MathDouble.c,1325 :: 		
;__Lib_MathDouble.c,1339 :: 		
0x0108	0x5004      	MOVF        R4, 0 
0x010A	0x0A00      	XORLW       0
0x010C	0xE112      	BNZ         L_Div_32x32_FP11
;__Lib_MathDouble.c,1340 :: 		
0x010E	0x5005      	MOVF        R5, 0 
0x0110	0x0A00      	XORLW       0
0x0112	0xE10F      	BNZ         L_Div_32x32_FP12
;__Lib_MathDouble.c,1341 :: 		
0x0114	0x5006      	MOVF        R6, 0 
0x0116	0x0A00      	XORLW       0
0x0118	0xE10C      	BNZ         L_Div_32x32_FP13
;__Lib_MathDouble.c,1342 :: 		
0x011A	0x5007      	MOVF        R7, 0 
0x011C	0x0A00      	XORLW       0
0x011E	0xE109      	BNZ         L_Div_32x32_FP14
;__Lib_MathDouble.c,1343 :: 		
0x0120	0x0EFF      	MOVLW       255
0x0122	0x6E00      	MOVWF       R0 
;__Lib_MathDouble.c,1344 :: 		
0x0124	0x0EFF      	MOVLW       255
0x0126	0x6E01      	MOVWF       R1 
;__Lib_MathDouble.c,1345 :: 		
0x0128	0x0E7F      	MOVLW       127
0x012A	0x6E02      	MOVWF       R2 
;__Lib_MathDouble.c,1346 :: 		
0x012C	0x0EFF      	MOVLW       255
0x012E	0x6E03      	MOVWF       R3 
;__Lib_MathDouble.c,1347 :: 		
0x0130	0xD0A4      	BRA         L_end_Div_32x32_FP
;__Lib_MathDouble.c,1348 :: 		
L_Div_32x32_FP14:
L_Div_32x32_FP13:
L_Div_32x32_FP12:
L_Div_32x32_FP11:
;__Lib_MathDouble.c,1353 :: 		
0x0132	0x6A08      	CLRF        R8, 0
;__Lib_MathDouble.c,1354 :: 		
0x0134	0x6A09      	CLRF        R9, 0
;__Lib_MathDouble.c,1356 :: 		
0x0136	0x5007      	MOVF        R7, 0, 0
;__Lib_MathDouble.c,1357 :: 		
0x0138	0xB4D8      	BTFSC       STATUS, 2, 0
;__Lib_MathDouble.c,1358 :: 		
0x013A	0xF001EF2F  	GOTO        JPDSETFDZ32
;__Lib_MathDouble.c,1360 :: 		
0x013E	0x5003      	MOVF        R3, 0, 0
;__Lib_MathDouble.c,1361 :: 		
0x0140	0xB4D8      	BTFSC       STATUS, 2, 0
;__Lib_MathDouble.c,1362 :: 		
0x0142	0xF001EF33  	GOTO        JPDRES032
;__Lib_MathDouble.c,1364 :: 		
0x0146	0x5002      	MOVF        R2, 0, 0
;__Lib_MathDouble.c,1365 :: 		
0x0148	0x1806      	XORWF       R6, 0, 0
;__Lib_MathDouble.c,1366 :: 		
0x014A	0x6E0A      	MOVWF       R10, 0
;__Lib_MathDouble.c,1367 :: 		
0x014C	0x8E02      	BSF         R2, 7, 0
;__Lib_MathDouble.c,1368 :: 		
0x014E	0x8E06      	BSF         R6, 7, 0
;__Lib_MathDouble.c,1370 :: 		
0x0150	0x6A0E      	CLRF        R14, 0
;__Lib_MathDouble.c,1371 :: 		
0x0152	0xF008C002  	MOVFF       R2, R8
;__Lib_MathDouble.c,1372 :: 		
0x0156	0xF00CC001  	MOVFF       R1, R12
;__Lib_MathDouble.c,1373 :: 		
0x015A	0xF00DC000  	MOVFF       R0, R13
;__Lib_MathDouble.c,1375 :: 		
0x015E	0x5004      	MOVF        R4, 0, 0
;__Lib_MathDouble.c,1376 :: 		
0x0160	0x5E0D      	SUBWF       R13, 1, 0
;__Lib_MathDouble.c,1377 :: 		
0x0162	0x5005      	MOVF        R5, 0, 0
;__Lib_MathDouble.c,1378 :: 		
0x0164	0xA0D8      	BTFSS       STATUS, 0, 0
;__Lib_MathDouble.c,1379 :: 		
0x0166	0x3C05      	INCFSZ      R5, 0, 0
;__Lib_MathDouble.c,1381 :: 		
0x0168	0x5E0C      	SUBWF       R12, 1, 0
;__Lib_MathDouble.c,1382 :: 		
0x016A	0x5006      	MOVF        R6, 0, 0
;__Lib_MathDouble.c,1383 :: 		
0x016C	0xA0D8      	BTFSS       STATUS, 0, 0
;__Lib_MathDouble.c,1384 :: 		
0x016E	0x3C06      	INCFSZ      R6, 0, 0
;__Lib_MathDouble.c,1386 :: 		
0x0170	0x5E08      	SUBWF       R8, 1, 0
;__Lib_MathDouble.c,1387 :: 		
0x0172	0x6A08      	CLRF        R8, 0
;__Lib_MathDouble.c,1388 :: 		
0x0174	0x6A0C      	CLRF        R12, 0
;__Lib_MathDouble.c,1389 :: 		
0x0176	0x6A0D      	CLRF        R13, 0
;__Lib_MathDouble.c,1390 :: 		
0x0178	0xA0D8      	BTFSS       STATUS, 0, 0
;__Lib_MathDouble.c,1391 :: 		
0x017A	0xF000EFC6  	GOTO        DALIGN32OK
;__Lib_MathDouble.c,1393 :: 		
0x017E	0x90D8      	BCF         STATUS, 0, 0
;__Lib_MathDouble.c,1394 :: 		
0x0180	0x3202      	RRCF        R2, 1, 0
;__Lib_MathDouble.c,1395 :: 		
0x0182	0x3201      	RRCF        R1, 1, 0
;__Lib_MathDouble.c,1396 :: 		
0x0184	0x3200      	RRCF        R0, 1, 0
;__Lib_MathDouble.c,1397 :: 		
0x0186	0x3208      	RRCF        R8, 1, 0
;__Lib_MathDouble.c,1398 :: 		
0x0188	0x0E01      	MOVLW       1
;__Lib_MathDouble.c,1399 :: 		
0x018A	0x6E0E      	MOVWF       R14, 0
;__Lib_MathDouble.c,1400 :: 		
DALIGN32OK:
;__Lib_MathDouble.c,1401 :: 		
0x018C	0x5007      	MOVF        R7, 0, 0
;__Lib_MathDouble.c,1402 :: 		
0x018E	0x5E03      	SUBWF       R3, 1, 0
;__Lib_MathDouble.c,1403 :: 		
0x0190	0xA0D8      	BTFSS       STATUS, 0, 0
;__Lib_MathDouble.c,1404 :: 		
0x0192	0xF000EFD3  	GOTO        ALTB32
;__Lib_MathDouble.c,1406 :: 		
0x0196	0x0E7E      	MOVLW       126
;__Lib_MathDouble.c,1407 :: 		
0x0198	0x240E      	ADDWF       R14, 0, 0
;__Lib_MathDouble.c,1408 :: 		
0x019A	0x2603      	ADDWF       R3, 1, 0
;__Lib_MathDouble.c,1409 :: 		
0x019C	0xB0D8      	BTFSC       STATUS, 0, 0
;__Lib_MathDouble.c,1410 :: 		
0x019E	0xF001EF37  	GOTO        JPDSETFOV32
;__Lib_MathDouble.c,1411 :: 		
0x01A2	0xF000EFD9  	GOTO        DARGOK32
;__Lib_MathDouble.c,1412 :: 		
ALTB32:
;__Lib_MathDouble.c,1413 :: 		
0x01A6	0x0E7E      	MOVLW       126
;__Lib_MathDouble.c,1414 :: 		
0x01A8	0x240E      	ADDWF       R14, 0, 0
;__Lib_MathDouble.c,1415 :: 		
0x01AA	0x2603      	ADDWF       R3, 1, 0
;__Lib_MathDouble.c,1416 :: 		
0x01AC	0xA0D8      	BTFSS       STATUS, 0, 0
;__Lib_MathDouble.c,1417 :: 		
0x01AE	0xF001EF3B  	GOTO        JPDSETFUN32
;__Lib_MathDouble.c,1418 :: 		
DARGOK32:
;__Lib_MathDouble.c,1419 :: 		
0x01B2	0x0E18      	MOVLW       24
;__Lib_MathDouble.c,1420 :: 		
0x01B4	0x6E0B      	MOVWF       R11, 0
;__Lib_MathDouble.c,1421 :: 		
DLOOP32:
;__Lib_MathDouble.c,1422 :: 		
0x01B6	0x360D      	RLCF        R13, 1, 0
;__Lib_MathDouble.c,1423 :: 		
0x01B8	0x360C      	RLCF        R12, 1, 0
;__Lib_MathDouble.c,1424 :: 		
0x01BA	0x3608      	RLCF        R8, 1, 0
;__Lib_MathDouble.c,1425 :: 		
0x01BC	0x3600      	RLCF        R0, 1, 0
;__Lib_MathDouble.c,1426 :: 		
0x01BE	0x3601      	RLCF        R1, 1, 0
;__Lib_MathDouble.c,1427 :: 		
0x01C0	0x3602      	RLCF        R2, 1, 0
;__Lib_MathDouble.c,1428 :: 		
0x01C2	0x360E      	RLCF        R14, 1, 0
;__Lib_MathDouble.c,1430 :: 		
0x01C4	0x5004      	MOVF        R4, 0, 0
;__Lib_MathDouble.c,1431 :: 		
0x01C6	0x5E00      	SUBWF       R0, 1, 0
;__Lib_MathDouble.c,1432 :: 		
0x01C8	0x5005      	MOVF        R5, 0, 0
;__Lib_MathDouble.c,1433 :: 		
0x01CA	0xA0D8      	BTFSS       STATUS, 0, 0
;__Lib_MathDouble.c,1434 :: 		
0x01CC	0x3C05      	INCFSZ      R5, 0, 0
;__Lib_MathDouble.c,1436 :: 		
0x01CE	0x5E01      	SUBWF       R1, 1, 0
;__Lib_MathDouble.c,1437 :: 		
0x01D0	0x5006      	MOVF        R6, 0, 0
;__Lib_MathDouble.c,1438 :: 		
0x01D2	0xA0D8      	BTFSS       STATUS, 0, 0
;__Lib_MathDouble.c,1439 :: 		
0x01D4	0x3C06      	INCFSZ      R6, 0, 0
;__Lib_MathDouble.c,1441 :: 		
0x01D6	0x5E02      	SUBWF       R2, 1, 0
;__Lib_MathDouble.c,1442 :: 		
0x01D8	0x3406      	RLCF        R6, 0, 0
;__Lib_MathDouble.c,1443 :: 		
0x01DA	0x120E      	IORWF       R14, 1, 0
;__Lib_MathDouble.c,1444 :: 		
0x01DC	0xA00E      	BTFSS       R14, 0, 0
;__Lib_MathDouble.c,1445 :: 		
0x01DE	0xF000EFF4  	GOTO        DREST32
;__Lib_MathDouble.c,1446 :: 		
0x01E2	0x800D      	BSF         R13, 0, 0
;__Lib_MathDouble.c,1447 :: 		
0x01E4	0xF000EFFF  	GOTO        DOK32
;__Lib_MathDouble.c,1448 :: 		
DREST32:
;__Lib_MathDouble.c,1449 :: 		
0x01E8	0x5004      	MOVF        R4, 0, 0
;__Lib_MathDouble.c,1450 :: 		
0x01EA	0x2600      	ADDWF       R0, 1, 0
;__Lib_MathDouble.c,1451 :: 		
0x01EC	0x5005      	MOVF        R5, 0, 0
;__Lib_MathDouble.c,1452 :: 		
0x01EE	0xB0D8      	BTFSC       STATUS, 0, 0
;__Lib_MathDouble.c,1453 :: 		
0x01F0	0x3C05      	INCFSZ      R5, 0, 0
;__Lib_MathDouble.c,1455 :: 		
0x01F2	0x2601      	ADDWF       R1, 1, 0
;__Lib_MathDouble.c,1456 :: 		
0x01F4	0x5006      	MOVF        R6, 0, 0
;__Lib_MathDouble.c,1457 :: 		
0x01F6	0xB0D8      	BTFSC       STATUS, 0, 0
;__Lib_MathDouble.c,1458 :: 		
0x01F8	0x2806      	INCF        R6, 0, 0
;__Lib_MathDouble.c,1459 :: 		
0x01FA	0x2602      	ADDWF       R2, 1, 0
;__Lib_MathDouble.c,1460 :: 		
0x01FC	0x900D      	BCF         R13, 0, 0
;__Lib_MathDouble.c,1461 :: 		
DOK32:
;__Lib_MathDouble.c,1462 :: 		
0x01FE	0x2E0B      	DECFSZ      R11, 1, 0
;__Lib_MathDouble.c,1463 :: 		
0x0200	0xF000EFDB  	GOTO        DLOOP32
;__Lib_MathDouble.c,1467 :: 		
0x0204	0xF001EF25  	GOTO        DIV32OK
;__Lib_MathDouble.c,1468 :: 		
0x0208	0x90D8      	BCF         STATUS, 0, 0
;__Lib_MathDouble.c,1469 :: 		
0x020A	0x3600      	RLCF        R0, 1, 0
;__Lib_MathDouble.c,1470 :: 		
0x020C	0x3601      	RLCF        R1, 1, 0
;__Lib_MathDouble.c,1471 :: 		
0x020E	0x3602      	RLCF        R2, 1, 0
;__Lib_MathDouble.c,1472 :: 		
0x0210	0x360E      	RLCF        R14, 1, 0
;__Lib_MathDouble.c,1474 :: 		
0x0212	0x5004      	MOVF        R4, 0, 0
;__Lib_MathDouble.c,1475 :: 		
0x0214	0x5E00      	SUBWF       R0, 1, 0
;__Lib_MathDouble.c,1476 :: 		
0x0216	0x5005      	MOVF        R5, 0, 0
;__Lib_MathDouble.c,1477 :: 		
0x0218	0xA0D8      	BTFSS       STATUS, 0, 0
;__Lib_MathDouble.c,1478 :: 		
0x021A	0x3C05      	INCFSZ      R5, 0, 0
;__Lib_MathDouble.c,1479 :: 		
0x021C	0x5E01      	SUBWF       R1, 1, 0
;__Lib_MathDouble.c,1480 :: 		
0x021E	0x5006      	MOVF        R6, 0, 0
;__Lib_MathDouble.c,1481 :: 		
0x0220	0xA0D8      	BTFSS       STATUS, 0, 0
;__Lib_MathDouble.c,1482 :: 		
0x0222	0x3C06      	INCFSZ      R6, 0, 0
;__Lib_MathDouble.c,1483 :: 		
0x0224	0x5E02      	SUBWF       R2, 1, 0
;__Lib_MathDouble.c,1484 :: 		
0x0226	0x3406      	RLCF        R6, 0, 0
;__Lib_MathDouble.c,1485 :: 		
0x0228	0x100E      	IORWF       R14, 0, 0
;__Lib_MathDouble.c,1486 :: 		
0x022A	0x0B01      	ANDLW       1
;__Lib_MathDouble.c,1487 :: 		
0x022C	0x260D      	ADDWF       R13, 1, 0
;__Lib_MathDouble.c,1488 :: 		
0x022E	0xB0D8      	BTFSC       STATUS, 0, 0
;__Lib_MathDouble.c,1489 :: 		
0x0230	0x2A0C      	INCF        R12, 1, 0
;__Lib_MathDouble.c,1490 :: 		
0x0232	0xB4D8      	BTFSC       STATUS, 2, 0
;__Lib_MathDouble.c,1491 :: 		
0x0234	0x2A08      	INCF        R8, 1, 0
;__Lib_MathDouble.c,1492 :: 		
0x0236	0xA4D8      	BTFSS       STATUS, 2, 0
;__Lib_MathDouble.c,1493 :: 		
0x0238	0xF001EF25  	GOTO        DIV32OK
;__Lib_MathDouble.c,1494 :: 		
0x023C	0x3208      	RRCF        R8, 1, 0
;__Lib_MathDouble.c,1495 :: 		
0x023E	0x320C      	RRCF        R12, 1, 0
;__Lib_MathDouble.c,1496 :: 		
0x0240	0x320D      	RRCF        R13, 1, 0
;__Lib_MathDouble.c,1497 :: 		
0x0242	0x2A03      	INCF        R3, 1, 0
;__Lib_MathDouble.c,1498 :: 		
0x0244	0xB4D8      	BTFSC       STATUS, 2, 0
;__Lib_MathDouble.c,1499 :: 		
0x0246	0xF001EF37  	GOTO        JPDSETFOV32
;__Lib_MathDouble.c,1500 :: 		
DIV32OK:
;__Lib_MathDouble.c,1501 :: 		
0x024A	0xAE0A      	BTFSS       R10, 7, 0
;__Lib_MathDouble.c,1502 :: 		
0x024C	0x9E08      	BCF         R8, 7, 0
;__Lib_MathDouble.c,1503 :: 		
0x024E	0x5008      	MOVF        R8, 0, 0
;__Lib_MathDouble.c,1504 :: 		
0x0250	0x6E02      	MOVWF       R2, 0
;__Lib_MathDouble.c,1505 :: 		
0x0252	0x500C      	MOVF        R12, 0, 0
;__Lib_MathDouble.c,1506 :: 		
0x0254	0x6E01      	MOVWF       R1, 0
;__Lib_MathDouble.c,1507 :: 		
0x0256	0x500D      	MOVF        R13, 0, 0
;__Lib_MathDouble.c,1508 :: 		
0x0258	0x6E00      	MOVWF       R0, 0
;__Lib_MathDouble.c,1511 :: 		
0x025A	0xF001EF3D  	GOTO        DIV32EEE
;__Lib_MathDouble.c,1512 :: 		
JPDSETFDZ32:
;__Lib_MathDouble.c,1513 :: 		
0x025E	0x0E01      	MOVLW       1
;__Lib_MathDouble.c,1516 :: 		
0x0260	0xDF4F      	RCALL       _SETFDZ32
;__Lib_MathDouble.c,1518 :: 		
0x0262	0xF001EF3D  	GOTO        DIV32EEE
;__Lib_MathDouble.c,1519 :: 		
JPDRES032:
;__Lib_MathDouble.c,1520 :: 		
0x0266	0x0E02      	MOVLW       2
;__Lib_MathDouble.c,1523 :: 		
0x0268	0xDEEA      	RCALL       _RES032
;__Lib_MathDouble.c,1525 :: 		
0x026A	0xF001EF3D  	GOTO        DIV32EEE
;__Lib_MathDouble.c,1526 :: 		
JPDSETFOV32:
;__Lib_MathDouble.c,1527 :: 		
0x026E	0x0E04      	MOVLW       4
;__Lib_MathDouble.c,1530 :: 		
0x0270	0xDF3B      	RCALL       _SETFOV32
;__Lib_MathDouble.c,1532 :: 		
0x0272	0xF001EF3D  	GOTO        DIV32EEE
;__Lib_MathDouble.c,1533 :: 		
JPDSETFUN32:
;__Lib_MathDouble.c,1534 :: 		
0x0276	0x0E08      	MOVLW       8
;__Lib_MathDouble.c,1537 :: 		
0x0278	0xDED5      	RCALL       _SETFUN32
;__Lib_MathDouble.c,1539 :: 		
DIV32EEE:
;__Lib_MathDouble.c,1547 :: 		
L_end_Div_32x32_FP:
0x027A	0x0012      	RETURN      0
; end of _Div_32x32_FP
_double2int:
;__Lib_MathDouble.c,1897 :: 		
;__Lib_MathDouble.c,1906 :: 		
0x027C	0x6A0B      	CLRF        R11, 0
;__Lib_MathDouble.c,1907 :: 		
0x027E	0x5003      	MOVF        R3, 0, 0
;__Lib_MathDouble.c,1908 :: 		
0x0280	0xB4D8      	BTFSC       STATUS, 2, 0
;__Lib_MathDouble.c,1909 :: 		
0x0282	0xF001EF84  	GOTO        IRES016
;__Lib_MathDouble.c,1910 :: 		
0x0286	0x5002      	MOVF        R2, 0, 0
;__Lib_MathDouble.c,1911 :: 		
0x0288	0x6E0A      	MOVWF       R10, 0
;__Lib_MathDouble.c,1912 :: 		
0x028A	0x8E02      	BSF         R2, 7, 0
;__Lib_MathDouble.c,1914 :: 		
0x028C	0x0E8E      	MOVLW       142
;__Lib_MathDouble.c,1915 :: 		
0x028E	0x5E03      	SUBWF       R3, 1, 0
;__Lib_MathDouble.c,1916 :: 		
0x0290	0xAE03      	BTFSS       R3, 7, 0
;__Lib_MathDouble.c,1917 :: 		
0x0292	0xF001EF88  	GOTO        SETIOV16
;__Lib_MathDouble.c,1918 :: 		
0x0296	0x6C03      	NEGF        R3, 0
;__Lib_MathDouble.c,1920 :: 		
0x0298	0x0E08      	MOVLW       8
;__Lib_MathDouble.c,1921 :: 		
0x029A	0x5C03      	SUBWF       R3, 0, 0
;__Lib_MathDouble.c,1922 :: 		
0x029C	0xA0D8      	BTFSS       STATUS, 0, 0
;__Lib_MathDouble.c,1923 :: 		
0x029E	0xF001EF63  	GOTO        TSHIFT3216
;__Lib_MathDouble.c,1924 :: 		
0x02A2	0x6E03      	MOVWF       R3, 0
;__Lib_MathDouble.c,1925 :: 		
0x02A4	0x3601      	RLCF        R1, 1, 0
;__Lib_MathDouble.c,1926 :: 		
0x02A6	0xF001C002  	MOVFF       R2, R1
;__Lib_MathDouble.c,1927 :: 		
0x02AA	0x6A02      	CLRF        R2, 0
;__Lib_MathDouble.c,1929 :: 		
0x02AC	0x0E08      	MOVLW       8
;__Lib_MathDouble.c,1930 :: 		
0x02AE	0x5C03      	SUBWF       R3, 0, 0
;__Lib_MathDouble.c,1931 :: 		
0x02B0	0xA0D8      	BTFSS       STATUS, 0, 0
;__Lib_MathDouble.c,1932 :: 		
0x02B2	0xF001EF63  	GOTO        TSHIFT3216
;__Lib_MathDouble.c,1933 :: 		
0x02B6	0x6E03      	MOVWF       R3, 0
;__Lib_MathDouble.c,1934 :: 		
0x02B8	0x3601      	RLCF        R1, 1, 0
;__Lib_MathDouble.c,1935 :: 		
0x02BA	0x6A01      	CLRF        R1, 0
;__Lib_MathDouble.c,1937 :: 		
0x02BC	0x5003      	MOVF        R3, 0, 0
;__Lib_MathDouble.c,1938 :: 		
0x02BE	0xA4D8      	BTFSS       STATUS, 2, 0
;__Lib_MathDouble.c,1939 :: 		
0x02C0	0x90D8      	BCF         STATUS, 0, 0
;__Lib_MathDouble.c,1940 :: 		
0x02C2	0xF001EF6D  	GOTO        SHIFT3216OK
;__Lib_MathDouble.c,1941 :: 		
TSHIFT3216:
;__Lib_MathDouble.c,1942 :: 		
0x02C6	0x5003      	MOVF        R3, 0, 0
;__Lib_MathDouble.c,1943 :: 		
0x02C8	0xB4D8      	BTFSC       STATUS, 2, 0
;__Lib_MathDouble.c,1944 :: 		
0x02CA	0xF001EF6D  	GOTO        SHIFT3216OK
;__Lib_MathDouble.c,1945 :: 		
SHIFT3216:
;__Lib_MathDouble.c,1946 :: 		
0x02CE	0x90D8      	BCF         STATUS, 0, 0
;__Lib_MathDouble.c,1947 :: 		
0x02D0	0x3202      	RRCF        R2, 1, 0
;__Lib_MathDouble.c,1948 :: 		
0x02D2	0x3201      	RRCF        R1, 1, 0
;__Lib_MathDouble.c,1949 :: 		
0x02D4	0x2E03      	DECFSZ      R3, 1, 0
;__Lib_MathDouble.c,1950 :: 		
0x02D6	0xF001EF67  	GOTO        SHIFT3216
;__Lib_MathDouble.c,1951 :: 		
SHIFT3216OK:
;__Lib_MathDouble.c,1952 :: 		
0x02DA	0xBC0B      	BTFSC       R11, 6, 0
;__Lib_MathDouble.c,1953 :: 		
0x02DC	0xA001      	BTFSS       R1, 0, 0
;__Lib_MathDouble.c,1954 :: 		
0x02DE	0xF001EF7A  	GOTO        INT3216OK
;__Lib_MathDouble.c,1955 :: 		
0x02E2	0xA0D8      	BTFSS       STATUS, 0, 0
;__Lib_MathDouble.c,1956 :: 		
0x02E4	0xF001EF7A  	GOTO        INT3216OK
;__Lib_MathDouble.c,1957 :: 		
0x02E8	0x2A01      	INCF        R1, 1, 0
;__Lib_MathDouble.c,1958 :: 		
0x02EA	0xB4D8      	BTFSC       STATUS, 2, 0
;__Lib_MathDouble.c,1959 :: 		
0x02EC	0x2A02      	INCF        R2, 1, 0
;__Lib_MathDouble.c,1960 :: 		
0x02EE	0xBE02      	BTFSC       R2, 7, 0
;__Lib_MathDouble.c,1961 :: 		
0x02F0	0xF001EF97  	GOTO        JPJSETIOV3224
;__Lib_MathDouble.c,1962 :: 		
INT3216OK:
;__Lib_MathDouble.c,1963 :: 		
0x02F4	0xAE0A      	BTFSS       R10, 7, 0
;__Lib_MathDouble.c,1964 :: 		
0x02F6	0xF001EF9C  	GOTO        INT3216EOK
;__Lib_MathDouble.c,1966 :: 		
0x02FA	0x1E02      	COMF        R2, 1, 0
;__Lib_MathDouble.c,1967 :: 		
0x02FC	0x1E01      	COMF        R1, 1, 0
;__Lib_MathDouble.c,1968 :: 		
0x02FE	0x2A01      	INCF        R1, 1, 0
;__Lib_MathDouble.c,1969 :: 		
0x0300	0xB4D8      	BTFSC       STATUS, 2, 0
;__Lib_MathDouble.c,1970 :: 		
0x0302	0x2A02      	INCF        R2, 1, 0
;__Lib_MathDouble.c,1971 :: 		
0x0304	0xF001EF9C  	GOTO        INT3216EOK
;__Lib_MathDouble.c,1973 :: 		
IRES016:
;__Lib_MathDouble.c,1974 :: 		
0x0308	0x6A02      	CLRF        R2, 0
;__Lib_MathDouble.c,1975 :: 		
0x030A	0x6A01      	CLRF        R1, 0
;__Lib_MathDouble.c,1976 :: 		
0x030C	0xF001EF9C  	GOTO        INT3216EOK
;__Lib_MathDouble.c,1977 :: 		
SETIOV16:
;__Lib_MathDouble.c,1978 :: 		
0x0310	0x800B      	BSF         R11, 0, 0
;__Lib_MathDouble.c,1979 :: 		
0x0312	0xAE0B      	BTFSS       R11, 7, 0
;__Lib_MathDouble.c,1980 :: 		
0x0314	0xF001EFA0  	GOTO        INT3216EER
;__Lib_MathDouble.c,1982 :: 		
0x0318	0x6A02      	CLRF        R2, 0
;__Lib_MathDouble.c,1983 :: 		
0x031A	0xAE0A      	BTFSS       R10, 7, 0
;__Lib_MathDouble.c,1984 :: 		
0x031C	0xF001EFA0  	GOTO        INT3216EER
;__Lib_MathDouble.c,1985 :: 		
0x0320	0x0EFF      	MOVLW       255
;__Lib_MathDouble.c,1986 :: 		
0x0322	0x6E02      	MOVWF       R2, 0
;__Lib_MathDouble.c,1987 :: 		
0x0324	0x6E01      	MOVWF       R1, 0
;__Lib_MathDouble.c,1988 :: 		
0x0326	0x360A      	RLCF        R10, 1, 0
;__Lib_MathDouble.c,1989 :: 		
0x0328	0x3202      	RRCF        R2, 1, 0
;__Lib_MathDouble.c,1990 :: 		
0x032A	0xF001EFA0  	GOTO        INT3216EER
;__Lib_MathDouble.c,1992 :: 		
JPJSETIOV3224:
;__Lib_MathDouble.c,1993 :: 		
0x032E	0x0E01      	MOVLW       1
;__Lib_MathDouble.c,1994 :: 		
0x0330	0x6E0C      	MOVWF       R12, 0
;__Lib_MathDouble.c,1996 :: 		
0x0332	0xDE8C      	RCALL       _SETIOV3224
;__Lib_MathDouble.c,1998 :: 		
0x0334	0xF001EFA2  	GOTO        INT3216EEE
;__Lib_MathDouble.c,1999 :: 		
INT3216EOK:
;__Lib_MathDouble.c,2000 :: 		
0x0338	0x0E00      	MOVLW       0
;__Lib_MathDouble.c,2001 :: 		
0x033A	0x6E0C      	MOVWF       R12, 0
;__Lib_MathDouble.c,2002 :: 		
0x033C	0xF001EFA2  	GOTO        INT3216EEE
;__Lib_MathDouble.c,2003 :: 		
INT3216EER:
;__Lib_MathDouble.c,2004 :: 		
0x0340	0x0EFF      	MOVLW       255
;__Lib_MathDouble.c,2005 :: 		
0x0342	0x6E0C      	MOVWF       R12, 0
;__Lib_MathDouble.c,2006 :: 		
INT3216EEE:
;__Lib_MathDouble.c,2007 :: 		
0x0344	0x5001      	MOVF        R1, 0, 0
;__Lib_MathDouble.c,2008 :: 		
0x0346	0x6E00      	MOVWF       R0, 0
;__Lib_MathDouble.c,2009 :: 		
0x0348	0x5002      	MOVF        R2, 0, 0
;__Lib_MathDouble.c,2010 :: 		
0x034A	0x6E01      	MOVWF       R1, 0
;__Lib_MathDouble.c,2015 :: 		
L_end_double2int:
0x034C	0x0012      	RETURN      0
; end of _double2int
_int2double:
;__Lib_MathDouble.c,2285 :: 		
;__Lib_MathDouble.c,2294 :: 		
0x034E	0xF008C000  	MOVFF       R0, R8
;__Lib_MathDouble.c,2295 :: 		
0x0352	0x5001      	MOVF        R1, 0, 0
;__Lib_MathDouble.c,2296 :: 		
0x0354	0x6E00      	MOVWF       R0, 0
;__Lib_MathDouble.c,2297 :: 		
0x0356	0x6A01      	CLRF        R1, 0
;__Lib_MathDouble.c,2298 :: 		
0x0358	0x6A02      	CLRF        R2, 0
;__Lib_MathDouble.c,2299 :: 		
0x035A	0x6A03      	CLRF        R3, 0
;__Lib_MathDouble.c,2302 :: 		
0x035C	0x6A0B      	CLRF        R11, 0
;__Lib_MathDouble.c,2303 :: 		
0x035E	0x6A0C      	CLRF        R12, 0
;__Lib_MathDouble.c,2304 :: 		
0x0360	0x6A01      	CLRF        R1, 0
;__Lib_MathDouble.c,2305 :: 		
0x0362	0x6A02      	CLRF        R2, 0
;__Lib_MathDouble.c,2306 :: 		
0x0364	0x6A03      	CLRF        R3, 0
;__Lib_MathDouble.c,2308 :: 		
0x0366	0x0E96      	MOVLW       150
;__Lib_MathDouble.c,2309 :: 		
0x0368	0x6E03      	MOVWF       R3, 0
;__Lib_MathDouble.c,2310 :: 		
0x036A	0x6A0A      	CLRF        R10, 0
;__Lib_MathDouble.c,2311 :: 		
0x036C	0xAE00      	BTFSS       R0, 7, 0
;__Lib_MathDouble.c,2312 :: 		
0x036E	0xF001EFBF  	GOTO        FLO1632EEE
;__Lib_MathDouble.c,2314 :: 		
0x0372	0x1E08      	COMF        R8, 1, 0
;__Lib_MathDouble.c,2315 :: 		
0x0374	0x1E00      	COMF        R0, 1, 0
;__Lib_MathDouble.c,2317 :: 		
0x0376	0x2A08      	INCF        R8, 1, 0
;__Lib_MathDouble.c,2318 :: 		
0x0378	0xB4D8      	BTFSC       STATUS, 2, 0
;__Lib_MathDouble.c,2319 :: 		
0x037A	0x2A00      	INCF        R0, 1, 0
;__Lib_MathDouble.c,2321 :: 		
0x037C	0x8E0A      	BSF         R10, 7, 0
;__Lib_MathDouble.c,2322 :: 		
FLO1632EEE:
;__Lib_MathDouble.c,2323 :: 		
0x037E	0xF001C000  	MOVFF       R0, R1
;__Lib_MathDouble.c,2324 :: 		
0x0382	0xF000C008  	MOVFF       R8, R0
;__Lib_MathDouble.c,2325 :: 		
0x0386	0x6A08      	CLRF        R8, 0
;__Lib_MathDouble.c,2326 :: 		
0x0388	0x6A02      	CLRF        R2, 0
;__Lib_MathDouble.c,2328 :: 		
0x038A	0xDE75      	RCALL       _NRM3232
;__Lib_MathDouble.c,2329 :: 		
L_end_int2double:
0x038C	0x0012      	RETURN      0
; end of _int2double
_Serial_println:
;config.h,52 :: 		void Serial_println(char *s){
;config.h,53 :: 		while(*s){
L_Serial_println10:
0x038E	0xFFE9C0C5  	MOVFF       FARG_Serial_println_s, FSR0L
0x0392	0xFFEAC0C6  	MOVFF       FARG_Serial_println_s+1, FSR0H
0x0396	0x52EE      	MOVF        POSTINC0, 1 
0x0398	0xE00B      	BZ          L_Serial_println11
;config.h,54 :: 		UART1_WRITE(*s++);
0x039A	0xFFE9C0C5  	MOVFF       FARG_Serial_println_s, FSR0L
0x039E	0xFFEAC0C6  	MOVFF       FARG_Serial_println_s+1, FSR0H
0x03A2	0xF0C7CFEE  	MOVFF       POSTINC0, FARG_UART1_Write_data_
0x03A6	0xDE60      	RCALL       _UART1_Write
0x03A8	0x0100      	MOVLB       0
0x03AA	0x4BC5      	INFSNZ      FARG_Serial_println_s, 1, 1
0x03AC	0x2BC6      	INCF        FARG_Serial_println_s+1, 1, 1
;config.h,55 :: 		}
0x03AE	0xD7EF      	BRA         L_Serial_println10
L_Serial_println11:
0x03B0	0x0100      	MOVLB       0
;config.h,56 :: 		UART1_WRITE(0X0D);
0x03B2	0x0E0D      	MOVLW       13
0x03B4	0x6FC7      	MOVWF       FARG_UART1_Write_data_, 1
0x03B6	0xDE58      	RCALL       _UART1_Write
;config.h,57 :: 		}
L_end_Serial_println:
0x03B8	0x0012      	RETURN      0
; end of _Serial_println
_Serial_print:
;config.h,59 :: 		void Serial_print(char *s){
;config.h,60 :: 		while(*s){
L_Serial_print12:
0x03BA	0xFFE9C0C5  	MOVFF       FARG_Serial_print_s, FSR0L
0x03BE	0xFFEAC0C6  	MOVFF       FARG_Serial_print_s+1, FSR0H
0x03C2	0x52EE      	MOVF        POSTINC0, 1 
0x03C4	0xE00B      	BZ          L_Serial_print13
;config.h,61 :: 		UART1_WRITE(*s++);
0x03C6	0xFFE9C0C5  	MOVFF       FARG_Serial_print_s, FSR0L
0x03CA	0xFFEAC0C6  	MOVFF       FARG_Serial_print_s+1, FSR0H
0x03CE	0xF0C7CFEE  	MOVFF       POSTINC0, FARG_UART1_Write_data_
0x03D2	0xDE4A      	RCALL       _UART1_Write
0x03D4	0x0100      	MOVLB       0
0x03D6	0x4BC5      	INFSNZ      FARG_Serial_print_s, 1, 1
0x03D8	0x2BC6      	INCF        FARG_Serial_print_s+1, 1, 1
;config.h,62 :: 		}
0x03DA	0xD7EF      	BRA         L_Serial_print12
L_Serial_print13:
;config.h,63 :: 		}
L_end_Serial_print:
0x03DC	0x0012      	RETURN      0
; end of _Serial_print
_UART1_Init:
;__Lib_UART_c67.c,15 :: 		
;__Lib_UART_c67.c,18 :: 		
0x03DE	0x0E68      	MOVLW       _UART1_Write
0x03E0	0x0100      	MOVLB       0
0x03E2	0x6FB1      	MOVWF       _UART_Wr_Ptr, 1
0x03E4	0x0E00      	MOVLW       hi_addr(_UART1_Write)
0x03E6	0x6FB2      	MOVWF       _UART_Wr_Ptr+1, 1
0x03E8	0x0EC7      	MOVLW       FARG_UART1_Write_data_
0x03EA	0x6FB3      	MOVWF       _UART_Wr_Ptr+2, 1
0x03EC	0x0E00      	MOVLW       hi_addr(FARG_UART1_Write_data_)
0x03EE	0x6FB4      	MOVWF       _UART_Wr_Ptr+3, 1
;__Lib_UART_c67.c,19 :: 		
0x03F0	0x0EFF      	MOVLW       _UART1_Read
0x03F2	0x6FB5      	MOVWF       _UART_Rd_Ptr, 1
0x03F4	0x0EFF      	MOVLW       hi_addr(_UART1_Read)
0x03F6	0x6FB6      	MOVWF       _UART_Rd_Ptr+1, 1
0x03F8	0x0E00      	MOVLW       0
0x03FA	0x6FB7      	MOVWF       _UART_Rd_Ptr+2, 1
0x03FC	0x0E00      	MOVLW       0
0x03FE	0x6FB8      	MOVWF       _UART_Rd_Ptr+3, 1
;__Lib_UART_c67.c,20 :: 		
0x0400	0x0EFF      	MOVLW       _UART1_Data_Ready
0x0402	0x6FBD      	MOVWF       _UART_Rdy_Ptr, 1
0x0404	0x0EFF      	MOVLW       hi_addr(_UART1_Data_Ready)
0x0406	0x6FBE      	MOVWF       _UART_Rdy_Ptr+1, 1
0x0408	0x0E00      	MOVLW       0
0x040A	0x6FBF      	MOVWF       _UART_Rdy_Ptr+2, 1
0x040C	0x0E00      	MOVLW       0
0x040E	0x6FC0      	MOVWF       _UART_Rdy_Ptr+3, 1
;__Lib_UART_c67.c,21 :: 		
0x0410	0x0EFF      	MOVLW       _UART1_Tx_Idle
0x0412	0x6FB9      	MOVWF       _UART_Tx_Idle_Ptr, 1
0x0414	0x0EFF      	MOVLW       hi_addr(_UART1_Tx_Idle)
0x0416	0x6FBA      	MOVWF       _UART_Tx_Idle_Ptr+1, 1
0x0418	0x0E00      	MOVLW       0
0x041A	0x6FBB      	MOVWF       _UART_Tx_Idle_Ptr+2, 1
0x041C	0x0E00      	MOVLW       0
0x041E	0x6FBC      	MOVWF       _UART_Tx_Idle_Ptr+3, 1
;__Lib_UART_c67.c,23 :: 		
0x0420	0x8AAC      	BSF         TXSTA, 5 
;__Lib_UART_c67.c,24 :: 		
0x0422	0x0E90      	MOVLW       144
0x0424	0x6EAB      	MOVWF       RCSTA 
;__Lib_UART_c67.c,25 :: 		
0x0426	0x8E94      	BSF         TRISC7_bit, BitPos(TRISC7_bit+0) 
;__Lib_UART_c67.c,26 :: 		
0x0428	0x9C94      	BCF         TRISC6_bit, BitPos(TRISC6_bit+0) 
;__Lib_UART_c67.c,28 :: 		
L_UART1_Init0:
0x042A	0xAA9E      	BTFSS       PIR1, 5 
0x042C	0xD003      	BRA         L_UART1_Init1
;__Lib_UART_c67.c,29 :: 		
0x042E	0xF000CFAE  	MOVFF       RCREG, R0
0x0432	0xD7FB      	BRA         L_UART1_Init0
L_UART1_Init1:
;__Lib_UART_c67.c,30 :: 		
L_end_UART1_Init:
0x0434	0x0012      	RETURN      0
; end of _UART1_Init
_setup:
;config.h,12 :: 		void setup(){
;config.h,13 :: 		TRISD = 0x00;
0x0436	0x6A95      	CLRF        TRISD 
;config.h,14 :: 		TRISB.B5 = 0; /* Set RB0 pin as a digital output pin */
0x0438	0x9A93      	BCF         TRISB, 5 
;config.h,15 :: 		LATB.B5 =0;  /* Initially sets the RB0 pin as activ low */
0x043A	0x9A8A      	BCF         LATB, 5 
;config.h,16 :: 		TRISB.B6 = 1; /* Set RB4 pin as a digital input pin */
0x043C	0x8C93      	BSF         TRISB, 6 
;config.h,17 :: 		LATB.B6 =0;  /* Initially sets the RB4 pin as activ low */
0x043E	0x9C8A      	BCF         LATB, 6 
;config.h,18 :: 		T1CON = 0x10; /* Set timer1 prescaler value to 1:2 prscale and disable timer1 */
0x0440	0x0E10      	MOVLW       16
0x0442	0x6ECD      	MOVWF       T1CON 
;config.h,20 :: 		UART1_INIT(9600);
0x0444	0x86B8      	BSF         BAUDCON, 3, 0
0x0446	0x6AB0      	CLRF        SPBRGH 
0x0448	0x0E67      	MOVLW       103
0x044A	0x6EAF      	MOVWF       SPBRG 
0x044C	0x84AC      	BSF         TXSTA, 2, 0
0x044E	0xDFC7      	RCALL       _UART1_Init
;config.h,21 :: 		delay_ms(100);
0x0450	0x0E82      	MOVLW       130
0x0452	0x6E0C      	MOVWF       R12, 0
0x0454	0x0EDD      	MOVLW       221
0x0456	0x6E0D      	MOVWF       R13, 0
L_setup0:
0x0458	0x2E0D      	DECFSZ      R13, 1, 0
0x045A	0xD7FE      	BRA         L_setup0
0x045C	0x2E0C      	DECFSZ      R12, 1, 0
0x045E	0xD7FC      	BRA         L_setup0
0x0460	0x0000      	NOP
0x0462	0x0000      	NOP
;config.h,23 :: 		Serial_println("AT");
0x0464	0x0E99      	MOVLW       ?lstr1_ULTRASONIC_GSM
0x0466	0x6FC5      	MOVWF       FARG_Serial_println_s, 1
0x0468	0x0E00      	MOVLW       hi_addr(?lstr1_ULTRASONIC_GSM)
0x046A	0x6FC6      	MOVWF       FARG_Serial_println_s+1, 1
0x046C	0xDF90      	RCALL       _Serial_println
;config.h,24 :: 		delay_ms(500);
0x046E	0x0E03      	MOVLW       3
0x0470	0x6E0B      	MOVWF       R11, 0
0x0472	0x0E8A      	MOVLW       138
0x0474	0x6E0C      	MOVWF       R12, 0
0x0476	0x0E55      	MOVLW       85
0x0478	0x6E0D      	MOVWF       R13, 0
L_setup1:
0x047A	0x2E0D      	DECFSZ      R13, 1, 0
0x047C	0xD7FE      	BRA         L_setup1
0x047E	0x2E0C      	DECFSZ      R12, 1, 0
0x0480	0xD7FC      	BRA         L_setup1
0x0482	0x2E0B      	DECFSZ      R11, 1, 0
0x0484	0xD7FA      	BRA         L_setup1
0x0486	0x0000      	NOP
0x0488	0x0000      	NOP
;config.h,25 :: 		Serial_println("AT+CREG=2");
0x048A	0x0EA5      	MOVLW       ?lstr2_ULTRASONIC_GSM
0x048C	0x0100      	MOVLB       0
0x048E	0x6FC5      	MOVWF       FARG_Serial_println_s, 1
0x0490	0x0E00      	MOVLW       hi_addr(?lstr2_ULTRASONIC_GSM)
0x0492	0x6FC6      	MOVWF       FARG_Serial_println_s+1, 1
0x0494	0xDF7C      	RCALL       _Serial_println
;config.h,26 :: 		delay_ms(500);
0x0496	0x0E03      	MOVLW       3
0x0498	0x6E0B      	MOVWF       R11, 0
0x049A	0x0E8A      	MOVLW       138
0x049C	0x6E0C      	MOVWF       R12, 0
0x049E	0x0E55      	MOVLW       85
0x04A0	0x6E0D      	MOVWF       R13, 0
L_setup2:
0x04A2	0x2E0D      	DECFSZ      R13, 1, 0
0x04A4	0xD7FE      	BRA         L_setup2
0x04A6	0x2E0C      	DECFSZ      R12, 1, 0
0x04A8	0xD7FC      	BRA         L_setup2
0x04AA	0x2E0B      	DECFSZ      R11, 1, 0
0x04AC	0xD7FA      	BRA         L_setup2
0x04AE	0x0000      	NOP
0x04B0	0x0000      	NOP
;config.h,27 :: 		Serial_println("AT+CREG?");
0x04B2	0x0E9C      	MOVLW       ?lstr3_ULTRASONIC_GSM
0x04B4	0x0100      	MOVLB       0
0x04B6	0x6FC5      	MOVWF       FARG_Serial_println_s, 1
0x04B8	0x0E00      	MOVLW       hi_addr(?lstr3_ULTRASONIC_GSM)
0x04BA	0x6FC6      	MOVWF       FARG_Serial_println_s+1, 1
0x04BC	0xDF68      	RCALL       _Serial_println
;config.h,28 :: 		delay_ms(500);
0x04BE	0x0E03      	MOVLW       3
0x04C0	0x6E0B      	MOVWF       R11, 0
0x04C2	0x0E8A      	MOVLW       138
0x04C4	0x6E0C      	MOVWF       R12, 0
0x04C6	0x0E55      	MOVLW       85
0x04C8	0x6E0D      	MOVWF       R13, 0
L_setup3:
0x04CA	0x2E0D      	DECFSZ      R13, 1, 0
0x04CC	0xD7FE      	BRA         L_setup3
0x04CE	0x2E0C      	DECFSZ      R12, 1, 0
0x04D0	0xD7FC      	BRA         L_setup3
0x04D2	0x2E0B      	DECFSZ      R11, 1, 0
0x04D4	0xD7FA      	BRA         L_setup3
0x04D6	0x0000      	NOP
0x04D8	0x0000      	NOP
;config.h,29 :: 		Serial_println("AT+CREG=1");
0x04DA	0x0E76      	MOVLW       ?lstr4_ULTRASONIC_GSM
0x04DC	0x0100      	MOVLB       0
0x04DE	0x6FC5      	MOVWF       FARG_Serial_println_s, 1
0x04E0	0x0E00      	MOVLW       hi_addr(?lstr4_ULTRASONIC_GSM)
0x04E2	0x6FC6      	MOVWF       FARG_Serial_println_s+1, 1
0x04E4	0xDF54      	RCALL       _Serial_println
;config.h,30 :: 		delay_ms(500);
0x04E6	0x0E03      	MOVLW       3
0x04E8	0x6E0B      	MOVWF       R11, 0
0x04EA	0x0E8A      	MOVLW       138
0x04EC	0x6E0C      	MOVWF       R12, 0
0x04EE	0x0E55      	MOVLW       85
0x04F0	0x6E0D      	MOVWF       R13, 0
L_setup4:
0x04F2	0x2E0D      	DECFSZ      R13, 1, 0
0x04F4	0xD7FE      	BRA         L_setup4
0x04F6	0x2E0C      	DECFSZ      R12, 1, 0
0x04F8	0xD7FC      	BRA         L_setup4
0x04FA	0x2E0B      	DECFSZ      R11, 1, 0
0x04FC	0xD7FA      	BRA         L_setup4
0x04FE	0x0000      	NOP
0x0500	0x0000      	NOP
;config.h,31 :: 		}
L_end_setup:
0x0502	0x0012      	RETURN      0
; end of _setup
___CC2DW:
;__Lib_System.c,21 :: 		
;__Lib_System.c,23 :: 		
_CC2DL_Loop1:
;__Lib_System.c,24 :: 		
0x0504	0x0009      	TBLRD*+
;__Lib_System.c,25 :: 		
0x0506	0xFFE6CFF5  	MOVFF       TABLAT, POSTINC1
;__Lib_System.c,26 :: 		
0x050A	0x0600      	DECF        R0, 1, 0
;__Lib_System.c,27 :: 		
0x050C	0xE1FB      	BNZ         _CC2DL_Loop1
;__Lib_System.c,28 :: 		
0x050E	0x0601      	DECF        R1, 1, 0
;__Lib_System.c,29 :: 		
0x0510	0xE1F9      	BNZ         _CC2DL_Loop1
;__Lib_System.c,31 :: 		
L_end___CC2DW:
0x0512	0x0012      	RETURN      0
; end of ___CC2DW
_send_Message:
;config.h,65 :: 		void send_Message(char *num, char *mesg){
;config.h,66 :: 		Serial_println("AT+CMGF=1");
0x0514	0x0E5C      	MOVLW       ?lstr5_ULTRASONIC_GSM
0x0516	0x0100      	MOVLB       0
0x0518	0x6FC5      	MOVWF       FARG_Serial_println_s, 1
0x051A	0x0E00      	MOVLW       hi_addr(?lstr5_ULTRASONIC_GSM)
0x051C	0x6FC6      	MOVWF       FARG_Serial_println_s+1, 1
0x051E	0xDF37      	RCALL       _Serial_println
;config.h,67 :: 		delay_ms(500);
0x0520	0x0E03      	MOVLW       3
0x0522	0x6E0B      	MOVWF       R11, 0
0x0524	0x0E8A      	MOVLW       138
0x0526	0x6E0C      	MOVWF       R12, 0
0x0528	0x0E55      	MOVLW       85
0x052A	0x6E0D      	MOVWF       R13, 0
L_send_Message14:
0x052C	0x2E0D      	DECFSZ      R13, 1, 0
0x052E	0xD7FE      	BRA         L_send_Message14
0x0530	0x2E0C      	DECFSZ      R12, 1, 0
0x0532	0xD7FC      	BRA         L_send_Message14
0x0534	0x2E0B      	DECFSZ      R11, 1, 0
0x0536	0xD7FA      	BRA         L_send_Message14
0x0538	0x0000      	NOP
0x053A	0x0000      	NOP
;config.h,68 :: 		Serial_print("AT+CMGS=\"");
0x053C	0x0E52      	MOVLW       ?lstr6_ULTRASONIC_GSM
0x053E	0x0100      	MOVLB       0
0x0540	0x6FC5      	MOVWF       FARG_Serial_print_s, 1
0x0542	0x0E00      	MOVLW       hi_addr(?lstr6_ULTRASONIC_GSM)
0x0544	0x6FC6      	MOVWF       FARG_Serial_print_s+1, 1
0x0546	0xDF39      	RCALL       _Serial_print
;config.h,69 :: 		Serial_print(num);
0x0548	0xF0C5C0C1  	MOVFF       FARG_send_Message_num, FARG_Serial_print_s
0x054C	0xF0C6C0C2  	MOVFF       FARG_send_Message_num+1, FARG_Serial_print_s+1
0x0550	0xDF34      	RCALL       _Serial_print
;config.h,70 :: 		Serial_println("\"");
0x0552	0x0E66      	MOVLW       ?lstr7_ULTRASONIC_GSM
0x0554	0x0100      	MOVLB       0
0x0556	0x6FC5      	MOVWF       FARG_Serial_println_s, 1
0x0558	0x0E00      	MOVLW       hi_addr(?lstr7_ULTRASONIC_GSM)
0x055A	0x6FC6      	MOVWF       FARG_Serial_println_s+1, 1
0x055C	0xDF18      	RCALL       _Serial_println
;config.h,71 :: 		delay_ms(500);
0x055E	0x0E03      	MOVLW       3
0x0560	0x6E0B      	MOVWF       R11, 0
0x0562	0x0E8A      	MOVLW       138
0x0564	0x6E0C      	MOVWF       R12, 0
0x0566	0x0E55      	MOVLW       85
0x0568	0x6E0D      	MOVWF       R13, 0
L_send_Message15:
0x056A	0x2E0D      	DECFSZ      R13, 1, 0
0x056C	0xD7FE      	BRA         L_send_Message15
0x056E	0x2E0C      	DECFSZ      R12, 1, 0
0x0570	0xD7FC      	BRA         L_send_Message15
0x0572	0x2E0B      	DECFSZ      R11, 1, 0
0x0574	0xD7FA      	BRA         L_send_Message15
0x0576	0x0000      	NOP
0x0578	0x0000      	NOP
;config.h,72 :: 		Serial_print(mesg);
0x057A	0xF0C5C0C3  	MOVFF       FARG_send_Message_mesg, FARG_Serial_print_s
0x057E	0xF0C6C0C4  	MOVFF       FARG_send_Message_mesg+1, FARG_Serial_print_s+1
0x0582	0xDF1B      	RCALL       _Serial_print
;config.h,73 :: 		UART1_WRITE(26);
0x0584	0x0E1A      	MOVLW       26
0x0586	0x0100      	MOVLB       0
0x0588	0x6FC7      	MOVWF       FARG_UART1_Write_data_, 1
0x058A	0xDD6E      	RCALL       _UART1_Write
;config.h,74 :: 		delay_ms(2000);
0x058C	0x0E0B      	MOVLW       11
0x058E	0x6E0B      	MOVWF       R11, 0
0x0590	0x0E26      	MOVLW       38
0x0592	0x6E0C      	MOVWF       R12, 0
0x0594	0x0E5D      	MOVLW       93
0x0596	0x6E0D      	MOVWF       R13, 0
L_send_Message16:
0x0598	0x2E0D      	DECFSZ      R13, 1, 0
0x059A	0xD7FE      	BRA         L_send_Message16
0x059C	0x2E0C      	DECFSZ      R12, 1, 0
0x059E	0xD7FC      	BRA         L_send_Message16
0x05A0	0x2E0B      	DECFSZ      R11, 1, 0
0x05A2	0xD7FA      	BRA         L_send_Message16
0x05A4	0x0000      	NOP
0x05A6	0x0000      	NOP
;config.h,75 :: 		}
L_end_send_Message:
0x05A8	0x0012      	RETURN      0
; end of _send_Message
_timer:
;config.h,33 :: 		void timer(){
;config.h,35 :: 		TMR1H = 0;
0x05AA	0x6ACF      	CLRF        TMR1H 
;config.h,36 :: 		TMR1L = 0;
0x05AC	0x6ACE      	CLRF        TMR1L 
;config.h,39 :: 		LATB.F5 = 1;
0x05AE	0x8A8A      	BSF         LATB, 5 
;config.h,40 :: 		Delay_us(10);
0x05B0	0x0E03      	MOVLW       3
0x05B2	0x6E0D      	MOVWF       R13, 0
L_timer5:
0x05B4	0x2E0D      	DECFSZ      R13, 1, 0
0x05B6	0xD7FE      	BRA         L_timer5
;config.h,41 :: 		LATB.F5 = 0;
0x05B8	0x9A8A      	BCF         LATB, 5 
;config.h,43 :: 		while(!PORTB.F6);   /* wait till echo output signal goes high */
L_timer6:
0x05BA	0xBC81      	BTFSC       PORTB, 6 
0x05BC	0xD001      	BRA         L_timer7
0x05BE	0xD7FD      	BRA         L_timer6
L_timer7:
;config.h,44 :: 		T1CON.F0 = 1;    /* enable the Timer1 */
0x05C0	0x80CD      	BSF         T1CON, 0 
;config.h,45 :: 		while(PORTB.F6);  /* wait till echo output signal goes low */
L_timer8:
0x05C2	0xAC81      	BTFSS       PORTB, 6 
0x05C4	0xD001      	BRA         L_timer9
0x05C6	0xD7FD      	BRA         L_timer8
L_timer9:
;config.h,46 :: 		T1CON.F0 = 0; /*disable timer1 */
0x05C8	0x90CD      	BCF         T1CON, 0 
;config.h,48 :: 		time_taken= (TMR1L | (TMR1H<<8)); /*read the content of Timer1 registers */
0x05CA	0xF001CFCF  	MOVFF       TMR1H, R1
0x05CE	0x6A00      	CLRF        R0 
0x05D0	0x50CE      	MOVF        TMR1L, 0 
0x05D2	0x1200      	IORWF       R0, 1 
0x05D4	0x0E00      	MOVLW       0
0x05D6	0x1201      	IORWF       R1, 1 
0x05D8	0xF0AFC000  	MOVFF       R0, _time_taken
0x05DC	0xF0B0C001  	MOVFF       R1, _time_taken+1
;config.h,49 :: 		time_taken= time_taken/58.82;/*convert cm to ft */
0x05E0	0xDEB6      	RCALL       _int2double
0x05E2	0x0EAE      	MOVLW       174
0x05E4	0x6E04      	MOVWF       R4 
0x05E6	0x0E47      	MOVLW       71
0x05E8	0x6E05      	MOVWF       R5 
0x05EA	0x0E6B      	MOVLW       107
0x05EC	0x6E06      	MOVWF       R6 
0x05EE	0x0E84      	MOVLW       132
0x05F0	0x6E07      	MOVWF       R7 
0x05F2	0xDD8A      	RCALL       _Div_32x32_FP
0x05F4	0xDE43      	RCALL       _double2int
0x05F6	0xF0AFC000  	MOVFF       R0, _time_taken
0x05FA	0xF0B0C001  	MOVFF       R1, _time_taken+1
;config.h,50 :: 		}
L_end_timer:
0x05FE	0x0012      	RETURN      0
; end of _timer
_main:
0x0600	0xF003ECB3  	CALL        1894, 0
;ULTRASONIC_GSM.c,3 :: 		void main() {
;ULTRASONIC_GSM.c,4 :: 		setup();
0x0604	0xDF18      	RCALL       _setup
;ULTRASONIC_GSM.c,6 :: 		while(1){
L_main17:
;ULTRASONIC_GSM.c,7 :: 		timer();
0x0606	0xDFD1      	RCALL       _timer
;ULTRASONIC_GSM.c,9 :: 		if(time_taken < 10){
0x0608	0x0E80      	MOVLW       128
0x060A	0x0100      	MOVLB       0
0x060C	0x19B0      	XORWF       _time_taken+1, 0, 1
0x060E	0x6E00      	MOVWF       R0 
0x0610	0x0E80      	MOVLW       128
0x0612	0x5C00      	SUBWF       R0, 0 
0x0614	0xE102      	BNZ         L__main37
0x0616	0x0E0A      	MOVLW       10
0x0618	0x5DAF      	SUBWF       _time_taken, 0, 1
L__main37:
0x061A	0xE20C      	BC          L_main19
;ULTRASONIC_GSM.c,10 :: 		LATD = 0x01;
0x061C	0x0E01      	MOVLW       1
0x061E	0x6E8C      	MOVWF       LATD 
;ULTRASONIC_GSM.c,11 :: 		send_Message("+639917927269", "Distance 1");
0x0620	0x0E68      	MOVLW       ?lstr8_ULTRASONIC_GSM
0x0622	0x6FC1      	MOVWF       FARG_send_Message_num, 1
0x0624	0x0E00      	MOVLW       hi_addr(?lstr8_ULTRASONIC_GSM)
0x0626	0x6FC2      	MOVWF       FARG_send_Message_num+1, 1
0x0628	0x0E23      	MOVLW       ?lstr9_ULTRASONIC_GSM
0x062A	0x6FC3      	MOVWF       FARG_send_Message_mesg, 1
0x062C	0x0E00      	MOVLW       hi_addr(?lstr9_ULTRASONIC_GSM)
0x062E	0x6FC4      	MOVWF       FARG_send_Message_mesg+1, 1
0x0630	0xDF71      	RCALL       _send_Message
;ULTRASONIC_GSM.c,12 :: 		}
0x0632	0xD04A      	BRA         L_main20
L_main19:
;ULTRASONIC_GSM.c,13 :: 		else if (time_taken > 9 && time_taken < 20){
0x0634	0x0E80      	MOVLW       128
0x0636	0x6E00      	MOVWF       R0 
0x0638	0x0E80      	MOVLW       128
0x063A	0x0100      	MOVLB       0
0x063C	0x19B0      	XORWF       _time_taken+1, 0, 1
0x063E	0x5C00      	SUBWF       R0, 0 
0x0640	0xE102      	BNZ         L__main38
0x0642	0x51AF      	MOVF        _time_taken, 0, 1
0x0644	0x0809      	SUBLW       9
L__main38:
0x0646	0xE215      	BC          L_main23
0x0648	0x0E80      	MOVLW       128
0x064A	0x19B0      	XORWF       _time_taken+1, 0, 1
0x064C	0x6E00      	MOVWF       R0 
0x064E	0x0E80      	MOVLW       128
0x0650	0x5C00      	SUBWF       R0, 0 
0x0652	0xE102      	BNZ         L__main39
0x0654	0x0E14      	MOVLW       20
0x0656	0x5DAF      	SUBWF       _time_taken, 0, 1
L__main39:
0x0658	0xE20C      	BC          L_main23
L__main30:
;ULTRASONIC_GSM.c,14 :: 		LATD = 0x02;
0x065A	0x0E02      	MOVLW       2
0x065C	0x6E8C      	MOVWF       LATD 
;ULTRASONIC_GSM.c,15 :: 		send_Message("+639917927269", "Distance 2");
0x065E	0x0E15      	MOVLW       ?lstr10_ULTRASONIC_GSM
0x0660	0x6FC1      	MOVWF       FARG_send_Message_num, 1
0x0662	0x0E00      	MOVLW       hi_addr(?lstr10_ULTRASONIC_GSM)
0x0664	0x6FC2      	MOVWF       FARG_send_Message_num+1, 1
0x0666	0x0E2E      	MOVLW       ?lstr11_ULTRASONIC_GSM
0x0668	0x6FC3      	MOVWF       FARG_send_Message_mesg, 1
0x066A	0x0E00      	MOVLW       hi_addr(?lstr11_ULTRASONIC_GSM)
0x066C	0x6FC4      	MOVWF       FARG_send_Message_mesg+1, 1
0x066E	0xDF52      	RCALL       _send_Message
;ULTRASONIC_GSM.c,16 :: 		}
0x0670	0xD02B      	BRA         L_main24
L_main23:
;ULTRASONIC_GSM.c,17 :: 		else if (time_taken > 19 && time_taken < 30){
0x0672	0x0E80      	MOVLW       128
0x0674	0x6E00      	MOVWF       R0 
0x0676	0x0E80      	MOVLW       128
0x0678	0x0100      	MOVLB       0
0x067A	0x19B0      	XORWF       _time_taken+1, 0, 1
0x067C	0x5C00      	SUBWF       R0, 0 
0x067E	0xE102      	BNZ         L__main40
0x0680	0x51AF      	MOVF        _time_taken, 0, 1
0x0682	0x0813      	SUBLW       19
L__main40:
0x0684	0xE215      	BC          L_main27
0x0686	0x0E80      	MOVLW       128
0x0688	0x19B0      	XORWF       _time_taken+1, 0, 1
0x068A	0x6E00      	MOVWF       R0 
0x068C	0x0E80      	MOVLW       128
0x068E	0x5C00      	SUBWF       R0, 0 
0x0690	0xE102      	BNZ         L__main41
0x0692	0x0E1E      	MOVLW       30
0x0694	0x5DAF      	SUBWF       _time_taken, 0, 1
L__main41:
0x0696	0xE20C      	BC          L_main27
L__main29:
;ULTRASONIC_GSM.c,18 :: 		LATD = 0x04;
0x0698	0x0E04      	MOVLW       4
0x069A	0x6E8C      	MOVWF       LATD 
;ULTRASONIC_GSM.c,19 :: 		send_Message("+639917927269", "Distance 3");
0x069C	0x0E44      	MOVLW       ?lstr12_ULTRASONIC_GSM
0x069E	0x6FC1      	MOVWF       FARG_send_Message_num, 1
0x06A0	0x0E00      	MOVLW       hi_addr(?lstr12_ULTRASONIC_GSM)
0x06A2	0x6FC2      	MOVWF       FARG_send_Message_num+1, 1
0x06A4	0x0E39      	MOVLW       ?lstr13_ULTRASONIC_GSM
0x06A6	0x6FC3      	MOVWF       FARG_send_Message_mesg, 1
0x06A8	0x0E00      	MOVLW       hi_addr(?lstr13_ULTRASONIC_GSM)
0x06AA	0x6FC4      	MOVWF       FARG_send_Message_mesg+1, 1
0x06AC	0xDF33      	RCALL       _send_Message
;ULTRASONIC_GSM.c,20 :: 		}
0x06AE	0xD00C      	BRA         L_main28
L_main27:
;ULTRASONIC_GSM.c,22 :: 		LATD = 0x08;
0x06B0	0x0E08      	MOVLW       8
0x06B2	0x6E8C      	MOVWF       LATD 
;ULTRASONIC_GSM.c,23 :: 		send_Message("+639917927269", "Distance 4");
0x06B4	0x0E8B      	MOVLW       ?lstr14_ULTRASONIC_GSM
0x06B6	0x0100      	MOVLB       0
0x06B8	0x6FC1      	MOVWF       FARG_send_Message_num, 1
0x06BA	0x0E00      	MOVLW       hi_addr(?lstr14_ULTRASONIC_GSM)
0x06BC	0x6FC2      	MOVWF       FARG_send_Message_num+1, 1
0x06BE	0x0E80      	MOVLW       ?lstr15_ULTRASONIC_GSM
0x06C0	0x6FC3      	MOVWF       FARG_send_Message_mesg, 1
0x06C2	0x0E00      	MOVLW       hi_addr(?lstr15_ULTRASONIC_GSM)
0x06C4	0x6FC4      	MOVWF       FARG_send_Message_mesg+1, 1
0x06C6	0xDF26      	RCALL       _send_Message
;ULTRASONIC_GSM.c,24 :: 		}
L_main28:
L_main24:
L_main20:
;ULTRASONIC_GSM.c,25 :: 		}
0x06C8	0xD79E      	BRA         L_main17
;ULTRASONIC_GSM.c,26 :: 		}
L_end_main:
0x06CA	0xD7FF      	BRA         $+0
; end of _main
0x0766	0xF015EE10  	LFSR        1, 21
0x076A	0x0E9A      	MOVLW       154
0x076C	0x6E00      	MOVWF       R0 
0x076E	0x0E01      	MOVLW       1
0x0770	0x6E01      	MOVWF       R1 
0x0772	0x0ECC      	MOVLW       204
0x0774	0x6EF6      	MOVWF       4086 
0x0776	0x0E06      	MOVLW       6
0x0778	0x6EF7      	MOVWF       TBLPTRH 
0x077A	0x0E00      	MOVLW       0
0x077C	0x6EF8      	MOVWF       TBLPTRU 
0x077E	0xF002EC82  	CALL        1284, 0
0x0782	0x0012      	RETURN      0
;ULTRASONIC_GSM.c,0 :: ?ICS?lstr10_ULTRASONIC_GSM
0x06CC	0x362B ;?ICS?lstr10_ULTRASONIC_GSM+0
0x06CE	0x3933 ;?ICS?lstr10_ULTRASONIC_GSM+2
0x06D0	0x3139 ;?ICS?lstr10_ULTRASONIC_GSM+4
0x06D2	0x3937 ;?ICS?lstr10_ULTRASONIC_GSM+6
0x06D4	0x3732 ;?ICS?lstr10_ULTRASONIC_GSM+8
0x06D6	0x3632 ;?ICS?lstr10_ULTRASONIC_GSM+10
0x06D8	0x0039 ;?ICS?lstr10_ULTRASONIC_GSM+12
; end of ?ICS?lstr10_ULTRASONIC_GSM
;ULTRASONIC_GSM.c,0 :: ?ICS?lstr9_ULTRASONIC_GSM
0x06DA	0x6944 ;?ICS?lstr9_ULTRASONIC_GSM+0
0x06DC	0x7473 ;?ICS?lstr9_ULTRASONIC_GSM+2
0x06DE	0x6E61 ;?ICS?lstr9_ULTRASONIC_GSM+4
0x06E0	0x6563 ;?ICS?lstr9_ULTRASONIC_GSM+6
0x06E2	0x3120 ;?ICS?lstr9_ULTRASONIC_GSM+8
0x06E4	0x00 ;?ICS?lstr9_ULTRASONIC_GSM+10
; end of ?ICS?lstr9_ULTRASONIC_GSM
;ULTRASONIC_GSM.c,0 :: ?ICS?lstr11_ULTRASONIC_GSM
0x06E5	0x6944 ;?ICS?lstr11_ULTRASONIC_GSM+0
0x06E7	0x7473 ;?ICS?lstr11_ULTRASONIC_GSM+2
0x06E9	0x6E61 ;?ICS?lstr11_ULTRASONIC_GSM+4
0x06EB	0x6563 ;?ICS?lstr11_ULTRASONIC_GSM+6
0x06ED	0x3220 ;?ICS?lstr11_ULTRASONIC_GSM+8
0x06EF	0x00 ;?ICS?lstr11_ULTRASONIC_GSM+10
; end of ?ICS?lstr11_ULTRASONIC_GSM
;ULTRASONIC_GSM.c,0 :: ?ICS?lstr13_ULTRASONIC_GSM
0x06F0	0x6944 ;?ICS?lstr13_ULTRASONIC_GSM+0
0x06F2	0x7473 ;?ICS?lstr13_ULTRASONIC_GSM+2
0x06F4	0x6E61 ;?ICS?lstr13_ULTRASONIC_GSM+4
0x06F6	0x6563 ;?ICS?lstr13_ULTRASONIC_GSM+6
0x06F8	0x3320 ;?ICS?lstr13_ULTRASONIC_GSM+8
0x06FA	0x00 ;?ICS?lstr13_ULTRASONIC_GSM+10
; end of ?ICS?lstr13_ULTRASONIC_GSM
;ULTRASONIC_GSM.c,0 :: ?ICS?lstr12_ULTRASONIC_GSM
0x06FB	0x362B ;?ICS?lstr12_ULTRASONIC_GSM+0
0x06FD	0x3933 ;?ICS?lstr12_ULTRASONIC_GSM+2
0x06FF	0x3139 ;?ICS?lstr12_ULTRASONIC_GSM+4
0x0701	0x3937 ;?ICS?lstr12_ULTRASONIC_GSM+6
0x0703	0x3732 ;?ICS?lstr12_ULTRASONIC_GSM+8
0x0705	0x3632 ;?ICS?lstr12_ULTRASONIC_GSM+10
0x0707	0x0039 ;?ICS?lstr12_ULTRASONIC_GSM+12
; end of ?ICS?lstr12_ULTRASONIC_GSM
;ULTRASONIC_GSM.c,0 :: ?ICS?lstr6_ULTRASONIC_GSM
0x0709	0x5441 ;?ICS?lstr6_ULTRASONIC_GSM+0
0x070B	0x432B ;?ICS?lstr6_ULTRASONIC_GSM+2
0x070D	0x474D ;?ICS?lstr6_ULTRASONIC_GSM+4
0x070F	0x3D53 ;?ICS?lstr6_ULTRASONIC_GSM+6
0x0711	0x0022 ;?ICS?lstr6_ULTRASONIC_GSM+8
; end of ?ICS?lstr6_ULTRASONIC_GSM
;ULTRASONIC_GSM.c,0 :: ?ICS?lstr5_ULTRASONIC_GSM
0x0713	0x5441 ;?ICS?lstr5_ULTRASONIC_GSM+0
0x0715	0x432B ;?ICS?lstr5_ULTRASONIC_GSM+2
0x0717	0x474D ;?ICS?lstr5_ULTRASONIC_GSM+4
0x0719	0x3D46 ;?ICS?lstr5_ULTRASONIC_GSM+6
0x071B	0x0031 ;?ICS?lstr5_ULTRASONIC_GSM+8
; end of ?ICS?lstr5_ULTRASONIC_GSM
;ULTRASONIC_GSM.c,0 :: ?ICS?lstr7_ULTRASONIC_GSM
0x071D	0x0022 ;?ICS?lstr7_ULTRASONIC_GSM+0
; end of ?ICS?lstr7_ULTRASONIC_GSM
;ULTRASONIC_GSM.c,0 :: ?ICS?lstr8_ULTRASONIC_GSM
0x071F	0x362B ;?ICS?lstr8_ULTRASONIC_GSM+0
0x0721	0x3933 ;?ICS?lstr8_ULTRASONIC_GSM+2
0x0723	0x3139 ;?ICS?lstr8_ULTRASONIC_GSM+4
0x0725	0x3937 ;?ICS?lstr8_ULTRASONIC_GSM+6
0x0727	0x3732 ;?ICS?lstr8_ULTRASONIC_GSM+8
0x0729	0x3632 ;?ICS?lstr8_ULTRASONIC_GSM+10
0x072B	0x0039 ;?ICS?lstr8_ULTRASONIC_GSM+12
; end of ?ICS?lstr8_ULTRASONIC_GSM
;ULTRASONIC_GSM.c,0 :: ?ICS?lstr4_ULTRASONIC_GSM
0x072D	0x5441 ;?ICS?lstr4_ULTRASONIC_GSM+0
0x072F	0x432B ;?ICS?lstr4_ULTRASONIC_GSM+2
0x0731	0x4552 ;?ICS?lstr4_ULTRASONIC_GSM+4
0x0733	0x3D47 ;?ICS?lstr4_ULTRASONIC_GSM+6
0x0735	0x0031 ;?ICS?lstr4_ULTRASONIC_GSM+8
; end of ?ICS?lstr4_ULTRASONIC_GSM
;ULTRASONIC_GSM.c,0 :: ?ICS?lstr15_ULTRASONIC_GSM
0x0737	0x6944 ;?ICS?lstr15_ULTRASONIC_GSM+0
0x0739	0x7473 ;?ICS?lstr15_ULTRASONIC_GSM+2
0x073B	0x6E61 ;?ICS?lstr15_ULTRASONIC_GSM+4
0x073D	0x6563 ;?ICS?lstr15_ULTRASONIC_GSM+6
0x073F	0x3420 ;?ICS?lstr15_ULTRASONIC_GSM+8
0x0741	0x00 ;?ICS?lstr15_ULTRASONIC_GSM+10
; end of ?ICS?lstr15_ULTRASONIC_GSM
;ULTRASONIC_GSM.c,0 :: ?ICS?lstr14_ULTRASONIC_GSM
0x0742	0x362B ;?ICS?lstr14_ULTRASONIC_GSM+0
0x0744	0x3933 ;?ICS?lstr14_ULTRASONIC_GSM+2
0x0746	0x3139 ;?ICS?lstr14_ULTRASONIC_GSM+4
0x0748	0x3937 ;?ICS?lstr14_ULTRASONIC_GSM+6
0x074A	0x3732 ;?ICS?lstr14_ULTRASONIC_GSM+8
0x074C	0x3632 ;?ICS?lstr14_ULTRASONIC_GSM+10
0x074E	0x0039 ;?ICS?lstr14_ULTRASONIC_GSM+12
; end of ?ICS?lstr14_ULTRASONIC_GSM
;ULTRASONIC_GSM.c,0 :: ?ICS?lstr1_ULTRASONIC_GSM
0x0750	0x5441 ;?ICS?lstr1_ULTRASONIC_GSM+0
0x0752	0x00 ;?ICS?lstr1_ULTRASONIC_GSM+2
; end of ?ICS?lstr1_ULTRASONIC_GSM
;ULTRASONIC_GSM.c,0 :: ?ICS?lstr3_ULTRASONIC_GSM
0x0753	0x5441 ;?ICS?lstr3_ULTRASONIC_GSM+0
0x0755	0x432B ;?ICS?lstr3_ULTRASONIC_GSM+2
0x0757	0x4552 ;?ICS?lstr3_ULTRASONIC_GSM+4
0x0759	0x3F47 ;?ICS?lstr3_ULTRASONIC_GSM+6
0x075B	0x00 ;?ICS?lstr3_ULTRASONIC_GSM+8
; end of ?ICS?lstr3_ULTRASONIC_GSM
;ULTRASONIC_GSM.c,0 :: ?ICS?lstr2_ULTRASONIC_GSM
0x075C	0x5441 ;?ICS?lstr2_ULTRASONIC_GSM+0
0x075E	0x432B ;?ICS?lstr2_ULTRASONIC_GSM+2
0x0760	0x4552 ;?ICS?lstr2_ULTRASONIC_GSM+4
0x0762	0x3D47 ;?ICS?lstr2_ULTRASONIC_GSM+6
0x0764	0x0032 ;?ICS?lstr2_ULTRASONIC_GSM+8
; end of ?ICS?lstr2_ULTRASONIC_GSM
Symbol List:
//** Routines locations **
//ADDRESS    SIZE    PROCEDURE
//----------------------------------------------
0x001C       [8]    _FIXSIGN32
0x0024      [26]    _SETFUN32
0x003E      [14]    _RES032
0x004C      [28]    _SETIOV3224
0x0068      [14]    _UART1_Write
0x0076     [114]    _NRM3232
0x00E8      [24]    _SETFOV32
0x0100       [8]    _SETFDZ32
0x0108     [372]    _Div_32x32_FP
0x027C     [210]    _double2int
0x034E      [64]    _int2double
0x038E      [44]    _Serial_println
0x03BA      [36]    _Serial_print
0x03DE      [88]    _UART1_Init
0x0436     [206]    _setup
0x0504      [16]    ___CC2DW
0x0514     [150]    _send_Message
0x05AA      [86]    _timer
0x0600     [204]    _main
//** Variables locations ** 
//ADDRESS    SIZE    VARIABLE
//----------------------------------------------
0x0000       [1]    UART1_Init_tmp_L0
0x0000       [1]    R0
0x0001       [1]    R1
0x0001       [1]    UART1_Read___tmp_UART1_Read_L0
0x0002       [1]    R2
0x0003       [1]    R3
0x0004       [1]    R4
0x0005       [1]    R5
0x0006       [1]    R6
0x0007       [1]    R7
0x0008       [1]    R8
0x0009       [1]    R9
0x000A       [1]    R10
0x000B       [1]    R11
0x000C       [1]    R12
0x000D       [1]    R13
0x000E       [1]    R14
0x000F       [1]    R15
0x0010       [1]    R16
0x0011       [1]    R17
0x0012       [1]    R18
0x0013       [1]    R19
0x0014       [1]    R20
0x0015      [14]    ?lstr10_ULTRASONIC_GSM
0x0023      [11]    ?lstr9_ULTRASONIC_GSM
0x002E      [11]    ?lstr11_ULTRASONIC_GSM
0x0039      [11]    ?lstr13_ULTRASONIC_GSM
0x0044      [14]    ?lstr12_ULTRASONIC_GSM
0x0052      [10]    ?lstr6_ULTRASONIC_GSM
0x005C      [10]    ?lstr5_ULTRASONIC_GSM
0x0066       [2]    ?lstr7_ULTRASONIC_GSM
0x0068      [14]    ?lstr8_ULTRASONIC_GSM
0x0076      [10]    ?lstr4_ULTRASONIC_GSM
0x0080      [11]    ?lstr15_ULTRASONIC_GSM
0x008B      [14]    ?lstr14_ULTRASONIC_GSM
0x0099       [3]    ?lstr1_ULTRASONIC_GSM
0x009C       [9]    ?lstr3_ULTRASONIC_GSM
0x00A5      [10]    ?lstr2_ULTRASONIC_GSM
0x00AF       [2]    _time_taken
0x00B1       [4]    _UART_Wr_Ptr
0x00B5       [4]    _UART_Rd_Ptr
0x00B9       [4]    _UART_Tx_Idle_Ptr
0x00BD       [4]    _UART_Rdy_Ptr
0x00C1       [2]    FARG_send_Message_num
0x00C3       [2]    FARG_send_Message_mesg
0x00C5       [2]    FARG_Serial_print_s
0x00C5       [2]    FARG_Serial_println_s
0x00C7       [1]    FARG_UART1_Write_data_
0x0F81       [1]    PORTB
0x0F8A       [1]    LATB
0x0F8C       [1]    LATD
0x0F93       [1]    TRISB
0x0F94       [0]    TRISC7_bit
0x0F94       [0]    TRISC6_bit
0x0F95       [1]    TRISD
0x0F9E       [1]    PIR1
0x0FAB       [1]    RCSTA
0x0FAC       [1]    TXSTA
0x0FAD       [1]    TXREG
0x0FAE       [1]    RCREG
0x0FAF       [1]    SPBRG
0x0FB0       [1]    SPBRGH
0x0FB8       [1]    BAUDCON
0x0FCD       [1]    T1CON
0x0FCE       [1]    TMR1L
0x0FCF       [1]    TMR1H
0x0FD8       [1]    STATUS
0x0FD9       [1]    FSR2L
0x0FDA       [1]    FSR2H
0x0FDE       [1]    POSTINC2
0x0FE0       [1]    BSR
0x0FE1       [1]    FSR1L
0x0FE2       [1]    FSR1H
0x0FE4       [1]    PREINC1
0x0FE6       [1]    POSTINC1
0x0FE7       [1]    INDF1
0x0FE8       [1]    WREG
0x0FE9       [1]    FSR0L
0x0FEA       [1]    FSR0H
0x0FEE       [1]    POSTINC0
0x0FF3       [1]    PRODL
0x0FF4       [1]    PRODH
0x0FF5       [1]    TABLAT
0x0FF6       [1]    TBLPTRL
0x0FF7       [1]    TBLPTRH
0x0FF8       [1]    TBLPTRU
//** Constants locations ** 
//ADDRESS    SIZE    CONSTANT
//----------------------------------------------
0x06CC      [14]    ?ICS?lstr10_ULTRASONIC_GSM
0x06DA      [11]    ?ICS?lstr9_ULTRASONIC_GSM
0x06E5      [11]    ?ICS?lstr11_ULTRASONIC_GSM
0x06F0      [11]    ?ICS?lstr13_ULTRASONIC_GSM
0x06FB      [14]    ?ICS?lstr12_ULTRASONIC_GSM
0x0709      [10]    ?ICS?lstr6_ULTRASONIC_GSM
0x0713      [10]    ?ICS?lstr5_ULTRASONIC_GSM
0x071D       [2]    ?ICS?lstr7_ULTRASONIC_GSM
0x071F      [14]    ?ICS?lstr8_ULTRASONIC_GSM
0x072D      [10]    ?ICS?lstr4_ULTRASONIC_GSM
0x0737      [11]    ?ICS?lstr15_ULTRASONIC_GSM
0x0742      [14]    ?ICS?lstr14_ULTRASONIC_GSM
0x0750       [3]    ?ICS?lstr1_ULTRASONIC_GSM
0x0753       [9]    ?ICS?lstr3_ULTRASONIC_GSM
0x075C      [10]    ?ICS?lstr2_ULTRASONIC_GSM
